2024-04-26 20:13:00,233 - dowser.logger.main.get_logger - INFO - Starting experiment with Session ID: 20240426_201241
2024-04-26 20:13:00,234 - dowser.logger.main.get_logger - DEBUG - Experiment config: {'session': {'id': '20240426_201241', 'output_dir': '/home/experiments/01-backend-comparisson/output/20240426_201241/kernel'}, 'logger': {'level': 'DEBUG'}, 'profiler': {'metrics': {'memory_usage': {'enabled_backends': 'kernel', 'precision': 3}}}}
2024-04-26 20:13:00,234 - dowser.logger.main.get_logger - INFO - Setting up profilers for function "consume_large_memory"
2024-04-26 20:13:00,236 - dowser.logger.main.get_logger - INFO - Profiling function "consume_large_memory"
2024-04-26 20:13:00,238 - dowser.logger.main.get_logger - DEBUG - Enabled profilers: ['memory_usage', 'time']
2024-04-26 20:13:00,239 - dowser.logger.main.get_logger - INFO - Setting up time profiler for function "consume_large_memory"
2024-04-26 20:13:00,240 - dowser.logger.main.get_logger - INFO - Setting up memory usage profiler for function "consume_large_memory"
2024-04-26 20:13:00,240 - dowser.logger.main.get_logger - DEBUG - Enabled memory usage backends: ['kernel']
2024-04-26 20:13:00,241 - dowser.logger.main.get_logger - INFO - Setting up kernel memory usage profiler for function "consume_large_memory"
2024-04-26 20:13:00,242 - dowser.logger.main.get_logger - DEBUG - Profiling memory usage of PID 38 with precision of 0.001s
2024-04-26 20:13:00,242 - dowser.logger.main.get_logger - DEBUG - Setting up multiprocessing parallelized profiler for function to_memory_usage_record_of_get_line_with_keyword_of_go_to_pointer
2024-04-26 20:13:00,308 - dowser.logger.main.get_logger - INFO - Hooking sync event to function consume_large_memory
2024-04-26 20:13:01,716 - dowser.logger.main.get_logger - INFO - Consumed 10000000 elements
2024-04-26 20:13:01,861 - dowser.logger.main.get_logger - DEBUG - Amount of collected profile records: 3
2024-04-26 20:13:01,862 - dowser.logger.main.get_logger - DEBUG - Sample record: ('START', 1714162380.3088114)
2024-04-26 20:13:01,862 - dowser.logger.main.get_logger - DEBUG - Total execution time: 1.5527088642120361s
2024-04-26 20:13:01,863 - dowser.logger.main.get_logger - DEBUG - Adding time log entries to report
2024-04-26 20:13:02,335 - dowser.logger.main.get_logger - DEBUG - Amount of collected profile records: 954
2024-04-26 20:13:02,335 - dowser.logger.main.get_logger - DEBUG - Sample record: (1714162380.3114035, 25488.0)
2024-04-26 20:13:02,336 - dowser.logger.main.get_logger - DEBUG - Metadata: {'function_path': 'tasks.consume_large_memory', 'inputs': 'num_elements=10000000', 'backend': 'kernel', 'precision': 0.001, 'unit': 'kb'}
2024-04-26 20:13:02,336 - dowser.logger.main.get_logger - DEBUG - Adding memory_usage log entries to report
2024-04-26 20:13:02,343 - dowser.logger.main.get_logger - INFO - Saving profiler report
