2024-04-26 02:26:32,418 - dowser.logger.main.get_logger - INFO - Starting experiment with Session ID: 20240426_022620
2024-04-26 02:26:32,418 - dowser.logger.main.get_logger - DEBUG - Experiment config: {'logger': {'level': 'DEBUG', 'transports': {'file': {'output_dir': '/home/delucca/src/msc/seismic-attributes-memory-profile/experiments/01-backend-comparisson/output/20240426_022620/kernel'}}}, 'profiler': {'session': {'id': '20240426_022620', 'metadata': {'input': 'num_elements=10000000'}}, 'report': {'output_dir': '/home/delucca/src/msc/seismic-attributes-memory-profile/experiments/01-backend-comparisson/output/20240426_022620/kernel'}, 'metrics': {'memory_usage': {'enabled_backends': 'kernel', 'precision': 3}}}}
2024-04-26 02:26:32,419 - dowser.logger.main.get_logger - INFO - Setting up profilers for function "consume_large_memory"
2024-04-26 02:26:32,419 - dowser.logger.main.get_logger - DEBUG - Enabled profilers: ['memory_usage', 'time']
2024-04-26 02:26:32,420 - dowser.logger.main.get_logger - INFO - Setting up time profiler for function "consume_large_memory"
2024-04-26 02:26:32,420 - dowser.logger.main.get_logger - INFO - Setting up memory usage profiler for function "consume_large_memory"
2024-04-26 02:26:32,420 - dowser.logger.main.get_logger - DEBUG - Enabled memory usage backends: ['kernel']
2024-04-26 02:26:32,421 - dowser.logger.main.get_logger - INFO - Setting up kernel memory usage profiler for function "consume_large_memory"
2024-04-26 02:26:32,421 - dowser.logger.main.get_logger - INFO - Profiling function "consume_large_memory"
2024-04-26 02:26:32,421 - dowser.logger.main.get_logger - DEBUG - Profiling memory usage of PID 2259 with precision of 0.001s
2024-04-26 02:26:32,422 - dowser.logger.main.get_logger - DEBUG - Setting up multiprocessing parallelized profiler for function to_memory_usage_record_of_get_line_with_keyword_of_go_to_pointer
2024-04-26 02:26:32,438 - dowser.logger.main.get_logger - INFO - Hooking sync event to function consume_large_memory
2024-04-26 02:26:33,369 - dowser.logger.main.get_logger - INFO - Consumed 10000000 elements
2024-04-26 02:26:33,414 - dowser.logger.main.get_logger - DEBUG - Amount of collected profile records: 3
2024-04-26 02:26:33,414 - dowser.logger.main.get_logger - DEBUG - Sample record: ('START', 1714109192.4393225)
2024-04-26 02:26:33,414 - dowser.logger.main.get_logger - DEBUG - Total execution time: 0.974945068359375s
2024-04-26 02:26:33,414 - dowser.logger.main.get_logger - DEBUG - Adding time log entries to report
2024-04-26 02:26:33,674 - dowser.logger.main.get_logger - DEBUG - Amount of collected profile records: 668
2024-04-26 02:26:33,674 - dowser.logger.main.get_logger - DEBUG - Sample record: (1714109192.4407012, 55784.0)
2024-04-26 02:26:33,674 - dowser.logger.main.get_logger - DEBUG - Adding memory_usage log entries to report
2024-04-26 02:26:33,680 - dowser.logger.main.get_logger - INFO - Saving profiler report
