2024-05-04 01:50:56.762 | INFO     | __main__:run_experiment:10 - Starting experiment with Session ID: 20240504_015056-psutil
2024-05-04 01:50:56.762 | DEBUG    | __main__:run_experiment:13 - Experiment config: output_dir=PosixPath('/home/delucca/src/msc/seismic-attributes-memory-profile/experiments/01-backend-comparisson/output/20240504_015056/psutil') logger=LoggerConfig(enabled_transports=[<Transport.CONSOLE: 'CONSOLE'>, <Transport.FILE: 'FILE'>], level=<Level.DEBUG: 'DEBUG'>) profiler=ProfilerConfig(session_id='20240504_015056-psutil', enabled_metrics=[<Metric.MEMORY_USAGE: 'MEMORY_USAGE'>, <Metric.TIME: 'TIME'>], memory_usage=MemoryUsageConfig(enabled_backends=[<MemoryUsageBackend.PSUTIL: 'PSUTIL'>]), filepath=None, entrypoint=None, signature=None, args=(), kwargs={}) analyzer=AnalyzerConfig(sessions={}, unit=<MemoryUsageUnit.MB: 'mb'>)
2024-05-04 01:50:56.763 | INFO     | dowser.profiler.main:run_profiler:14 - Starting profiler execution
2024-05-04 01:50:56.764 | DEBUG    | dowser.profiler.main:run_profiler:15 - Using config: output_dir=PosixPath('/home/delucca/src/msc/seismic-attributes-memory-profile/experiments/01-backend-comparisson/output/20240504_015056/psutil') logger=LoggerConfig(enabled_transports=[<Transport.CONSOLE: 'CONSOLE'>, <Transport.FILE: 'FILE'>], level=<Level.DEBUG: 'DEBUG'>) profiler=ProfilerConfig(session_id='20240504_015056-psutil', enabled_metrics=[<Metric.MEMORY_USAGE: 'MEMORY_USAGE'>, <Metric.TIME: 'TIME'>], memory_usage=MemoryUsageConfig(enabled_backends=[<MemoryUsageBackend.PSUTIL: 'PSUTIL'>]), filepath=PosixPath('/home/delucca/src/msc/seismic-attributes-memory-profile/experiments/01-backend-comparisson/experiment/tasks.py'), entrypoint='consume_large_memory', signature=[FunctionParameter(name='num_elements', type='int', position=0, default='None')], args=(10000000,), kwargs={}) analyzer=AnalyzerConfig(sessions={}, unit=<MemoryUsageUnit.MB: 'mb'>)
2024-05-04 01:50:56.764 | DEBUG    | dowser.profiler.main:run_profiler:22 - Using metadata: {'num_elements': '10000000'}
2024-05-04 01:50:56.764 | INFO     | dowser.profiler.memory_usage.builders:build_trace_hooks:12 - Enabled memory usage backends: "[<MemoryUsageBackend.PSUTIL: 'PSUTIL'>]"
2024-05-04 01:50:56.764 | DEBUG    | dowser.profiler.memory_usage.builders:build_trace_hooks:24 - Loading backend: "psutil"
2024-05-04 01:50:56.774 | DEBUG    | dowser.profiler.memory_usage.builders:build_trace_hooks:32 - Loaded backend: "<module 'dowser.profiler.memory_usage.backends.psutil' from '/home/delucca/src/msc/seismic-attributes-memory-profile/experiments/01-backend-comparisson/experiment/dowser/profiler/memory_usage/backends/psutil.py'>"
2024-05-04 01:50:56.774 | DEBUG    | dowser.profiler.memory_usage.builders:build_trace_hooks:35 - Checking if backend has "before" function
2024-05-04 01:50:56.774 | DEBUG    | dowser.profiler.memory_usage.builders:build_trace_hooks:43 - Added "before" from "psutil" to hooks
2024-05-04 01:50:56.775 | DEBUG    | dowser.profiler.memory_usage.builders:build_trace_hooks:35 - Checking if backend has "on_call" function
2024-05-04 01:50:56.775 | DEBUG    | dowser.profiler.memory_usage.builders:build_trace_hooks:43 - Added "on_call" from "psutil" to hooks
2024-05-04 01:50:56.775 | DEBUG    | dowser.profiler.memory_usage.builders:build_trace_hooks:35 - Checking if backend has "on_return" function
2024-05-04 01:50:56.775 | DEBUG    | dowser.profiler.memory_usage.builders:build_trace_hooks:43 - Added "on_return" from "psutil" to hooks
2024-05-04 01:50:56.776 | DEBUG    | dowser.profiler.memory_usage.builders:build_trace_hooks:35 - Checking if backend has "after" function
2024-05-04 01:50:56.776 | DEBUG    | dowser.profiler.memory_usage.builders:build_trace_hooks:43 - Added "after" from "psutil" to hooks
2024-05-04 01:50:56.776 | INFO     | dowser.profiler.tracers:build_start_tracer:14 - Building profile tracer
2024-05-04 01:50:56.776 | INFO     | dowser.profiler.tracers:build_stop_tracer:57 - Building stop profile tracer
2024-05-04 01:50:56.776 | INFO     | dowser.profiler.main:run_profiler:32 - Starting profiler execution for "/home/delucca/src/msc/seismic-attributes-memory-profile/experiments/01-backend-comparisson/experiment/tasks.py"
2024-05-04 01:50:56.777 | DEBUG    | dowser.profiler.main:run_profiler:33 - Enabled hooks: dict_keys(['before', 'on_call', 'on_return', 'after'])
2024-05-04 01:50:56.777 | DEBUG    | dowser.profiler.main:run_profiler:34 - Enabled metrics: [<Metric.MEMORY_USAGE: 'MEMORY_USAGE'>, <Metric.TIME: 'TIME'>]
2024-05-04 01:50:56.777 | DEBUG    | dowser.profiler.main:run_profiler:35 - Using args: (10000000,)
2024-05-04 01:50:56.777 | DEBUG    | dowser.profiler.main:run_profiler:36 - Using kwargs: {}
2024-05-04 01:50:56.777 | INFO     | dowser.profiler.handlers:execute_file:19 - Starting new profiler session for file "/home/delucca/src/msc/seismic-attributes-memory-profile/experiments/01-backend-comparisson/experiment/tasks.py" with entrypoint set to: "consume_large_memory"
2024-05-04 01:50:56.778 | DEBUG    | dowser.profiler.handlers:execute_file:22 - Using args: (10000000,)
2024-05-04 01:50:56.778 | DEBUG    | dowser.profiler.handlers:execute_file:23 - Using kwargs: {}
2024-05-04 01:50:56.778 | INFO     | dowser.profiler.tracers:start_tracer:19 - Starting profile tracer
2024-05-04 01:50:56.779 | INFO     | dowser.profiler.tracers:start_tracer:21 - Running before hooks
2024-05-04 01:51:05.213 | INFO     | __main__.sub:consume_large_memory:9 - Consumed 10000000 elements
2024-05-04 01:51:05.410 | INFO     | dowser.profiler.tracers:stop_tracer:62 - Stopping profile tracer
2024-05-04 01:51:05.411 | INFO     | dowser.profiler.tracers:stop_tracer:64 - Running after hooks
2024-05-04 01:51:05.411 | INFO     | dowser.profiler.handlers:execute_file:47 - File "/home/delucca/src/msc/seismic-attributes-memory-profile/experiments/01-backend-comparisson/experiment/tasks.py" finished execution
2024-05-04 01:51:05.411 | INFO     | dowser.profiler.main:run_profiler:50 - Profiler execution finished
2024-05-04 01:51:05.412 | INFO     | dowser.profiler.main:run_profiler:51 - Amount of collected traces: 128
2024-05-04 01:51:05.412 | DEBUG    | dowser.profiler.main:run_profiler:52 - Sample trace: (1714798265.278681, '/home/delucca/.pyenv/versions/3.8.10/lib/python3.8/calendar.py:58', '__getitem__', 'call', [('MEMORY_USAGE', 548950016.0, 'b'), ('TIME',)])
2024-05-04 01:51:05.412 | INFO     | dowser.profiler.builders:build_profile:50 - Building output profile file
2024-05-04 01:51:05.412 | DEBUG    | dowser.profiler.builders:build_profile:54 - Using schema: timestamp: string
source: string
function_name: string
event_type: string
additional_data: list<item: list<item: string>>
  child 0, item: list<item: string>
      child 0, item: string
2024-05-04 01:51:05.413 | DEBUG    | dowser.profiler.builders:build_profile:63 - Using data: 128 records
2024-05-04 01:51:05.416 | INFO     | dowser.profiler.builders:build_profile:87 - Profile file saved at: /home/delucca/src/msc/seismic-attributes-memory-profile/experiments/01-backend-comparisson/output/20240504_015056/psutil/20240504_015056-psutil.parquet
