2024-06-09 19:27:24.115 | INFO     | __main__:run:25 - Starting data collection
2024-06-09 19:27:24.115 | INFO     | data_collection:_generate_many_evenly_spaced:55 - Generating 8 sets of synthetic data with distributed shapes within max bounds (400, 400, 400)
2024-06-09 19:27:24.116 | INFO     | data_collection:_generate_many_evenly_spaced:70 - Calculated 8 shapes to evenly generate data for
2024-06-09 19:27:24.116 | INFO     | data_collection:_generate_many_evenly_spaced:77 - Generating synthetic data 1/8 with shape (100, 100, 100)
2024-06-09 19:27:24.116 | INFO     | seismic.data.synthetic:generate_and_save_synthetic_data:130 - Generating synthetic data for shape (100, 100, 100)
2024-06-09 19:27:25.018 | INFO     | data_collection:_generate_many_evenly_spaced:90 - Finished generating synthetic data 1/8. Data stored on: ../output/first_derivative-20240609-192724/data/100-100-100.segy
2024-06-09 19:27:25.018 | INFO     | data_collection:_generate_many_evenly_spaced:77 - Generating synthetic data 2/8 with shape (100, 100, 400)
2024-06-09 19:27:25.019 | INFO     | seismic.data.synthetic:generate_and_save_synthetic_data:130 - Generating synthetic data for shape (100, 100, 400)
2024-06-09 19:27:26.243 | INFO     | data_collection:_generate_many_evenly_spaced:90 - Finished generating synthetic data 2/8. Data stored on: ../output/first_derivative-20240609-192724/data/100-100-400.segy
2024-06-09 19:27:26.244 | INFO     | data_collection:_generate_many_evenly_spaced:77 - Generating synthetic data 3/8 with shape (100, 400, 100)
2024-06-09 19:27:26.244 | INFO     | seismic.data.synthetic:generate_and_save_synthetic_data:130 - Generating synthetic data for shape (100, 400, 100)
2024-06-09 19:27:29.503 | INFO     | data_collection:_generate_many_evenly_spaced:90 - Finished generating synthetic data 3/8. Data stored on: ../output/first_derivative-20240609-192724/data/100-400-100.segy
2024-06-09 19:27:29.504 | INFO     | data_collection:_generate_many_evenly_spaced:77 - Generating synthetic data 4/8 with shape (100, 400, 400)
2024-06-09 19:27:29.504 | INFO     | seismic.data.synthetic:generate_and_save_synthetic_data:130 - Generating synthetic data for shape (100, 400, 400)
2024-06-09 19:27:32.821 | INFO     | data_collection:_generate_many_evenly_spaced:90 - Finished generating synthetic data 4/8. Data stored on: ../output/first_derivative-20240609-192724/data/100-400-400.segy
2024-06-09 19:27:32.821 | INFO     | data_collection:_generate_many_evenly_spaced:77 - Generating synthetic data 5/8 with shape (400, 100, 100)
2024-06-09 19:27:32.821 | INFO     | seismic.data.synthetic:generate_and_save_synthetic_data:130 - Generating synthetic data for shape (400, 100, 100)
2024-06-09 19:27:36.676 | INFO     | data_collection:_generate_many_evenly_spaced:90 - Finished generating synthetic data 5/8. Data stored on: ../output/first_derivative-20240609-192724/data/400-100-100.segy
2024-06-09 19:27:36.676 | INFO     | data_collection:_generate_many_evenly_spaced:77 - Generating synthetic data 6/8 with shape (400, 100, 400)
2024-06-09 19:27:36.677 | INFO     | seismic.data.synthetic:generate_and_save_synthetic_data:130 - Generating synthetic data for shape (400, 100, 400)
2024-06-09 19:27:42.261 | INFO     | data_collection:_generate_many_evenly_spaced:90 - Finished generating synthetic data 6/8. Data stored on: ../output/first_derivative-20240609-192724/data/400-100-400.segy
2024-06-09 19:27:42.261 | INFO     | data_collection:_generate_many_evenly_spaced:77 - Generating synthetic data 7/8 with shape (400, 400, 100)
2024-06-09 19:27:42.261 | INFO     | seismic.data.synthetic:generate_and_save_synthetic_data:130 - Generating synthetic data for shape (400, 400, 100)
2024-06-09 19:27:55.542 | INFO     | data_collection:_generate_many_evenly_spaced:90 - Finished generating synthetic data 7/8. Data stored on: ../output/first_derivative-20240609-192724/data/400-400-100.segy
2024-06-09 19:27:55.542 | INFO     | data_collection:_generate_many_evenly_spaced:77 - Generating synthetic data 8/8 with shape (400, 400, 400)
2024-06-09 19:27:55.543 | INFO     | seismic.data.synthetic:generate_and_save_synthetic_data:130 - Generating synthetic data for shape (400, 400, 400)
2024-06-09 19:28:08.508 | INFO     | data_collection:_generate_many_evenly_spaced:90 - Finished generating synthetic data 8/8. Data stored on: ../output/first_derivative-20240609-192724/data/400-400-400.segy
2024-06-09 19:28:08.508 | INFO     | data_collection:_generate_many_evenly_spaced:94 - All synthetic data generated
2024-06-09 19:28:08.508 | INFO     | data_collection:_get_attribute_handler:173 - Loading attribute handler for "first_derivative"
2024-06-09 19:28:08.513 | INFO     | data_collection:_profile_datasets:131 - Profiling datasets with handler "seismic.attributes.first_derivative.run"
2024-06-09 19:28:08.515 | INFO     | dowser.profiler.main:run_profiler:15 - Starting profiler
2024-06-09 19:28:08.515 | INFO     | dowser.profiler.metrics.memory_usage.builders:build_trace_hooks:12 - Enabled memory usage backends: "[<MemoryUsageBackend.KERNEL: 'KERNEL'>]"
2024-06-09 19:28:08.517 | WARNING  | dowser.profiler.metrics.memory_usage.builders:build_trace_hooks:37 - Backend "kernel" does not have "after" function
2024-06-09 19:28:08.539 | INFO     | dowser.profiler.main:run_profiler:46 - Starting profiler execution for "/home/delucca/src/msc/seismic-attributes-memory-profile/tools/seismic/seismic/attributes/first_derivative.py"
2024-06-09 19:28:08.545 | INFO     | dowser.profiler.handlers:execute_file:19 - Starting new profiler session for file "/home/delucca/src/msc/seismic-attributes-memory-profile/tools/seismic/seismic/attributes/first_derivative.py" with entrypoint set to: "run"
2024-06-09 19:28:08.545 | INFO     | dowser.profiler.handlers:execute_file:38 - Executing file: /home/delucca/src/msc/seismic-attributes-memory-profile/tools/seismic/seismic/attributes/first_derivative.py
2024-06-09 19:28:08.545 | INFO     | dowser.profiler.handlers:execute_file:42 - Compiling code
2024-06-09 19:28:08.546 | INFO     | dowser.profiler.handlers:execute_file:45 - Running execution before hook
2024-06-09 19:28:08.546 | INFO     | dowser.profiler.tracer:start_sampler:151 - Starting profile sampler
2024-06-09 19:28:08.546 | INFO     | dowser.profiler.tracer:start_sampler:152 - Using precision of 0.1s and process strategy
2024-06-09 19:28:08.549 | INFO     | dowser.profiler.handlers:execute_file:48 - Executing code file
2024-06-09 19:28:08.549 | INFO     | dowser.profiler.handlers:execute_file:52 - Running function: run
2024-06-09 19:28:13.739 | INFO     | dowser.profiler.handlers:execute_file:55 - Running execution after hook
2024-06-09 19:28:13.800 | INFO     | dowser.profiler.tracer:stop_sampler:169 - Profile sampler stopped
2024-06-09 19:28:13.801 | INFO     | dowser.profiler.handlers:execute_file:59 - File "/home/delucca/src/msc/seismic-attributes-memory-profile/tools/seismic/seismic/attributes/first_derivative.py" finished execution
2024-06-09 19:28:13.821 | INFO     | dowser.profiler.main:run_profiler:50 - Profiler execution finished
2024-06-09 19:28:13.823 | INFO     | dowser.profiler.main:run_profiler:52 - Saving profile data
2024-06-09 19:28:13.831 | INFO     | dowser.profiler.main:run_profiler:66 - Profiler output saved to: ../output/first_derivative-20240609-192724/profiles
2024-06-09 19:28:13.839 | INFO     | dowser.profiler.main:run_profiler:15 - Starting profiler
2024-06-09 19:28:13.839 | INFO     | dowser.profiler.metrics.memory_usage.builders:build_trace_hooks:12 - Enabled memory usage backends: "[<MemoryUsageBackend.KERNEL: 'KERNEL'>]"
2024-06-09 19:28:13.840 | WARNING  | dowser.profiler.metrics.memory_usage.builders:build_trace_hooks:37 - Backend "kernel" does not have "after" function
2024-06-09 19:28:13.851 | INFO     | dowser.profiler.main:run_profiler:46 - Starting profiler execution for "/home/delucca/src/msc/seismic-attributes-memory-profile/tools/seismic/seismic/attributes/first_derivative.py"
2024-06-09 19:28:13.858 | INFO     | dowser.profiler.handlers:execute_file:19 - Starting new profiler session for file "/home/delucca/src/msc/seismic-attributes-memory-profile/tools/seismic/seismic/attributes/first_derivative.py" with entrypoint set to: "run"
2024-06-09 19:28:13.859 | INFO     | dowser.profiler.handlers:execute_file:38 - Executing file: /home/delucca/src/msc/seismic-attributes-memory-profile/tools/seismic/seismic/attributes/first_derivative.py
2024-06-09 19:28:13.859 | INFO     | dowser.profiler.handlers:execute_file:42 - Compiling code
2024-06-09 19:28:13.860 | INFO     | dowser.profiler.handlers:execute_file:45 - Running execution before hook
2024-06-09 19:28:13.861 | INFO     | dowser.profiler.tracer:start_sampler:151 - Starting profile sampler
2024-06-09 19:28:13.861 | INFO     | dowser.profiler.tracer:start_sampler:152 - Using precision of 0.1s and process strategy
2024-06-09 19:28:13.864 | INFO     | dowser.profiler.handlers:execute_file:48 - Executing code file
2024-06-09 19:28:13.864 | INFO     | dowser.profiler.handlers:execute_file:52 - Running function: run
2024-06-09 19:28:16.689 | INFO     | dowser.profiler.handlers:execute_file:55 - Running execution after hook
2024-06-09 19:28:16.796 | INFO     | dowser.profiler.tracer:stop_sampler:169 - Profile sampler stopped
2024-06-09 19:28:16.797 | INFO     | dowser.profiler.handlers:execute_file:59 - File "/home/delucca/src/msc/seismic-attributes-memory-profile/tools/seismic/seismic/attributes/first_derivative.py" finished execution
2024-06-09 19:28:16.816 | INFO     | dowser.profiler.main:run_profiler:50 - Profiler execution finished
2024-06-09 19:28:16.817 | INFO     | dowser.profiler.main:run_profiler:52 - Saving profile data
2024-06-09 19:28:16.822 | INFO     | dowser.profiler.main:run_profiler:66 - Profiler output saved to: ../output/first_derivative-20240609-192724/profiles
2024-06-09 19:28:16.830 | INFO     | dowser.profiler.main:run_profiler:15 - Starting profiler
2024-06-09 19:28:16.830 | INFO     | dowser.profiler.metrics.memory_usage.builders:build_trace_hooks:12 - Enabled memory usage backends: "[<MemoryUsageBackend.KERNEL: 'KERNEL'>]"
2024-06-09 19:28:16.831 | WARNING  | dowser.profiler.metrics.memory_usage.builders:build_trace_hooks:37 - Backend "kernel" does not have "after" function
2024-06-09 19:28:16.840 | INFO     | dowser.profiler.main:run_profiler:46 - Starting profiler execution for "/home/delucca/src/msc/seismic-attributes-memory-profile/tools/seismic/seismic/attributes/first_derivative.py"
2024-06-09 19:28:16.846 | INFO     | dowser.profiler.handlers:execute_file:19 - Starting new profiler session for file "/home/delucca/src/msc/seismic-attributes-memory-profile/tools/seismic/seismic/attributes/first_derivative.py" with entrypoint set to: "run"
2024-06-09 19:28:16.847 | INFO     | dowser.profiler.handlers:execute_file:38 - Executing file: /home/delucca/src/msc/seismic-attributes-memory-profile/tools/seismic/seismic/attributes/first_derivative.py
2024-06-09 19:28:16.847 | INFO     | dowser.profiler.handlers:execute_file:42 - Compiling code
2024-06-09 19:28:16.848 | INFO     | dowser.profiler.handlers:execute_file:45 - Running execution before hook
2024-06-09 19:28:16.848 | INFO     | dowser.profiler.tracer:start_sampler:151 - Starting profile sampler
2024-06-09 19:28:16.848 | INFO     | dowser.profiler.tracer:start_sampler:152 - Using precision of 0.1s and process strategy
2024-06-09 19:28:16.851 | INFO     | dowser.profiler.handlers:execute_file:48 - Executing code file
2024-06-09 19:28:16.851 | INFO     | dowser.profiler.handlers:execute_file:52 - Running function: run
2024-06-09 19:28:19.749 | INFO     | dowser.profiler.handlers:execute_file:55 - Running execution after hook
2024-06-09 19:28:19.785 | INFO     | dowser.profiler.tracer:stop_sampler:169 - Profile sampler stopped
2024-06-09 19:28:19.785 | INFO     | dowser.profiler.handlers:execute_file:59 - File "/home/delucca/src/msc/seismic-attributes-memory-profile/tools/seismic/seismic/attributes/first_derivative.py" finished execution
2024-06-09 19:28:19.804 | INFO     | dowser.profiler.main:run_profiler:50 - Profiler execution finished
2024-06-09 19:28:19.806 | INFO     | dowser.profiler.main:run_profiler:52 - Saving profile data
2024-06-09 19:28:19.811 | INFO     | dowser.profiler.main:run_profiler:66 - Profiler output saved to: ../output/first_derivative-20240609-192724/profiles
2024-06-09 19:28:19.819 | INFO     | dowser.profiler.main:run_profiler:15 - Starting profiler
2024-06-09 19:28:19.820 | INFO     | dowser.profiler.metrics.memory_usage.builders:build_trace_hooks:12 - Enabled memory usage backends: "[<MemoryUsageBackend.KERNEL: 'KERNEL'>]"
2024-06-09 19:28:19.820 | WARNING  | dowser.profiler.metrics.memory_usage.builders:build_trace_hooks:37 - Backend "kernel" does not have "after" function
2024-06-09 19:28:19.833 | INFO     | dowser.profiler.main:run_profiler:46 - Starting profiler execution for "/home/delucca/src/msc/seismic-attributes-memory-profile/tools/seismic/seismic/attributes/first_derivative.py"
2024-06-09 19:28:19.839 | INFO     | dowser.profiler.handlers:execute_file:19 - Starting new profiler session for file "/home/delucca/src/msc/seismic-attributes-memory-profile/tools/seismic/seismic/attributes/first_derivative.py" with entrypoint set to: "run"
2024-06-09 19:28:19.839 | INFO     | dowser.profiler.handlers:execute_file:38 - Executing file: /home/delucca/src/msc/seismic-attributes-memory-profile/tools/seismic/seismic/attributes/first_derivative.py
2024-06-09 19:28:19.840 | INFO     | dowser.profiler.handlers:execute_file:42 - Compiling code
2024-06-09 19:28:19.840 | INFO     | dowser.profiler.handlers:execute_file:45 - Running execution before hook
2024-06-09 19:28:19.840 | INFO     | dowser.profiler.tracer:start_sampler:151 - Starting profile sampler
2024-06-09 19:28:19.841 | INFO     | dowser.profiler.tracer:start_sampler:152 - Using precision of 0.1s and process strategy
2024-06-09 19:28:19.844 | INFO     | dowser.profiler.handlers:execute_file:48 - Executing code file
2024-06-09 19:28:19.845 | INFO     | dowser.profiler.handlers:execute_file:52 - Running function: run
2024-06-09 19:28:22.876 | INFO     | dowser.profiler.handlers:execute_file:55 - Running execution after hook
2024-06-09 19:28:22.976 | INFO     | dowser.profiler.tracer:stop_sampler:169 - Profile sampler stopped
2024-06-09 19:28:22.976 | INFO     | dowser.profiler.handlers:execute_file:59 - File "/home/delucca/src/msc/seismic-attributes-memory-profile/tools/seismic/seismic/attributes/first_derivative.py" finished execution
2024-06-09 19:28:22.993 | INFO     | dowser.profiler.main:run_profiler:50 - Profiler execution finished
2024-06-09 19:28:22.995 | INFO     | dowser.profiler.main:run_profiler:52 - Saving profile data
2024-06-09 19:28:23.000 | INFO     | dowser.profiler.main:run_profiler:66 - Profiler output saved to: ../output/first_derivative-20240609-192724/profiles
2024-06-09 19:28:23.006 | INFO     | dowser.profiler.main:run_profiler:15 - Starting profiler
2024-06-09 19:28:23.007 | INFO     | dowser.profiler.metrics.memory_usage.builders:build_trace_hooks:12 - Enabled memory usage backends: "[<MemoryUsageBackend.KERNEL: 'KERNEL'>]"
2024-06-09 19:28:23.007 | WARNING  | dowser.profiler.metrics.memory_usage.builders:build_trace_hooks:37 - Backend "kernel" does not have "after" function
2024-06-09 19:28:23.016 | INFO     | dowser.profiler.main:run_profiler:46 - Starting profiler execution for "/home/delucca/src/msc/seismic-attributes-memory-profile/tools/seismic/seismic/attributes/first_derivative.py"
2024-06-09 19:28:23.022 | INFO     | dowser.profiler.handlers:execute_file:19 - Starting new profiler session for file "/home/delucca/src/msc/seismic-attributes-memory-profile/tools/seismic/seismic/attributes/first_derivative.py" with entrypoint set to: "run"
2024-06-09 19:28:23.023 | INFO     | dowser.profiler.handlers:execute_file:38 - Executing file: /home/delucca/src/msc/seismic-attributes-memory-profile/tools/seismic/seismic/attributes/first_derivative.py
2024-06-09 19:28:23.023 | INFO     | dowser.profiler.handlers:execute_file:42 - Compiling code
2024-06-09 19:28:23.024 | INFO     | dowser.profiler.handlers:execute_file:45 - Running execution before hook
2024-06-09 19:28:23.024 | INFO     | dowser.profiler.tracer:start_sampler:151 - Starting profile sampler
2024-06-09 19:28:23.024 | INFO     | dowser.profiler.tracer:start_sampler:152 - Using precision of 0.1s and process strategy
2024-06-09 19:28:23.027 | INFO     | dowser.profiler.handlers:execute_file:48 - Executing code file
2024-06-09 19:28:23.028 | INFO     | dowser.profiler.handlers:execute_file:52 - Running function: run
2024-06-09 19:28:25.789 | INFO     | dowser.profiler.handlers:execute_file:55 - Running execution after hook
2024-06-09 19:28:25.859 | INFO     | dowser.profiler.tracer:stop_sampler:169 - Profile sampler stopped
2024-06-09 19:28:25.859 | INFO     | dowser.profiler.handlers:execute_file:59 - File "/home/delucca/src/msc/seismic-attributes-memory-profile/tools/seismic/seismic/attributes/first_derivative.py" finished execution
2024-06-09 19:28:25.878 | INFO     | dowser.profiler.main:run_profiler:50 - Profiler execution finished
2024-06-09 19:28:25.880 | INFO     | dowser.profiler.main:run_profiler:52 - Saving profile data
2024-06-09 19:28:25.884 | INFO     | dowser.profiler.main:run_profiler:66 - Profiler output saved to: ../output/first_derivative-20240609-192724/profiles
2024-06-09 19:28:25.892 | INFO     | dowser.profiler.main:run_profiler:15 - Starting profiler
2024-06-09 19:28:25.892 | INFO     | dowser.profiler.metrics.memory_usage.builders:build_trace_hooks:12 - Enabled memory usage backends: "[<MemoryUsageBackend.KERNEL: 'KERNEL'>]"
2024-06-09 19:28:25.892 | WARNING  | dowser.profiler.metrics.memory_usage.builders:build_trace_hooks:37 - Backend "kernel" does not have "after" function
2024-06-09 19:28:25.901 | INFO     | dowser.profiler.main:run_profiler:46 - Starting profiler execution for "/home/delucca/src/msc/seismic-attributes-memory-profile/tools/seismic/seismic/attributes/first_derivative.py"
2024-06-09 19:28:25.907 | INFO     | dowser.profiler.handlers:execute_file:19 - Starting new profiler session for file "/home/delucca/src/msc/seismic-attributes-memory-profile/tools/seismic/seismic/attributes/first_derivative.py" with entrypoint set to: "run"
2024-06-09 19:28:25.908 | INFO     | dowser.profiler.handlers:execute_file:38 - Executing file: /home/delucca/src/msc/seismic-attributes-memory-profile/tools/seismic/seismic/attributes/first_derivative.py
2024-06-09 19:28:25.908 | INFO     | dowser.profiler.handlers:execute_file:42 - Compiling code
2024-06-09 19:28:25.908 | INFO     | dowser.profiler.handlers:execute_file:45 - Running execution before hook
2024-06-09 19:28:25.909 | INFO     | dowser.profiler.tracer:start_sampler:151 - Starting profile sampler
2024-06-09 19:28:25.909 | INFO     | dowser.profiler.tracer:start_sampler:152 - Using precision of 0.1s and process strategy
2024-06-09 19:28:25.911 | INFO     | dowser.profiler.handlers:execute_file:48 - Executing code file
2024-06-09 19:28:25.912 | INFO     | dowser.profiler.handlers:execute_file:52 - Running function: run
2024-06-09 19:28:29.134 | INFO     | dowser.profiler.handlers:execute_file:55 - Running execution after hook
2024-06-09 19:28:29.146 | INFO     | dowser.profiler.tracer:stop_sampler:169 - Profile sampler stopped
2024-06-09 19:28:29.147 | INFO     | dowser.profiler.handlers:execute_file:59 - File "/home/delucca/src/msc/seismic-attributes-memory-profile/tools/seismic/seismic/attributes/first_derivative.py" finished execution
2024-06-09 19:28:29.162 | INFO     | dowser.profiler.main:run_profiler:50 - Profiler execution finished
2024-06-09 19:28:29.164 | INFO     | dowser.profiler.main:run_profiler:52 - Saving profile data
2024-06-09 19:28:29.168 | INFO     | dowser.profiler.main:run_profiler:66 - Profiler output saved to: ../output/first_derivative-20240609-192724/profiles
2024-06-09 19:28:29.175 | INFO     | dowser.profiler.main:run_profiler:15 - Starting profiler
2024-06-09 19:28:29.175 | INFO     | dowser.profiler.metrics.memory_usage.builders:build_trace_hooks:12 - Enabled memory usage backends: "[<MemoryUsageBackend.KERNEL: 'KERNEL'>]"
2024-06-09 19:28:29.175 | WARNING  | dowser.profiler.metrics.memory_usage.builders:build_trace_hooks:37 - Backend "kernel" does not have "after" function
2024-06-09 19:28:29.185 | INFO     | dowser.profiler.main:run_profiler:46 - Starting profiler execution for "/home/delucca/src/msc/seismic-attributes-memory-profile/tools/seismic/seismic/attributes/first_derivative.py"
2024-06-09 19:28:29.191 | INFO     | dowser.profiler.handlers:execute_file:19 - Starting new profiler session for file "/home/delucca/src/msc/seismic-attributes-memory-profile/tools/seismic/seismic/attributes/first_derivative.py" with entrypoint set to: "run"
2024-06-09 19:28:29.192 | INFO     | dowser.profiler.handlers:execute_file:38 - Executing file: /home/delucca/src/msc/seismic-attributes-memory-profile/tools/seismic/seismic/attributes/first_derivative.py
2024-06-09 19:28:29.192 | INFO     | dowser.profiler.handlers:execute_file:42 - Compiling code
2024-06-09 19:28:29.193 | INFO     | dowser.profiler.handlers:execute_file:45 - Running execution before hook
2024-06-09 19:28:29.193 | INFO     | dowser.profiler.tracer:start_sampler:151 - Starting profile sampler
2024-06-09 19:28:29.193 | INFO     | dowser.profiler.tracer:start_sampler:152 - Using precision of 0.1s and process strategy
2024-06-09 19:28:29.196 | INFO     | dowser.profiler.handlers:execute_file:48 - Executing code file
2024-06-09 19:28:29.197 | INFO     | dowser.profiler.handlers:execute_file:52 - Running function: run
2024-06-09 19:28:32.293 | INFO     | dowser.profiler.handlers:execute_file:55 - Running execution after hook
2024-06-09 19:28:32.331 | INFO     | dowser.profiler.tracer:stop_sampler:169 - Profile sampler stopped
2024-06-09 19:28:32.331 | INFO     | dowser.profiler.handlers:execute_file:59 - File "/home/delucca/src/msc/seismic-attributes-memory-profile/tools/seismic/seismic/attributes/first_derivative.py" finished execution
2024-06-09 19:28:32.356 | INFO     | dowser.profiler.main:run_profiler:50 - Profiler execution finished
2024-06-09 19:28:32.358 | INFO     | dowser.profiler.main:run_profiler:52 - Saving profile data
2024-06-09 19:28:32.365 | INFO     | dowser.profiler.main:run_profiler:66 - Profiler output saved to: ../output/first_derivative-20240609-192724/profiles
2024-06-09 19:28:32.375 | INFO     | dowser.profiler.main:run_profiler:15 - Starting profiler
2024-06-09 19:28:32.375 | INFO     | dowser.profiler.metrics.memory_usage.builders:build_trace_hooks:12 - Enabled memory usage backends: "[<MemoryUsageBackend.KERNEL: 'KERNEL'>]"
2024-06-09 19:28:32.375 | WARNING  | dowser.profiler.metrics.memory_usage.builders:build_trace_hooks:37 - Backend "kernel" does not have "after" function
2024-06-09 19:28:32.389 | INFO     | dowser.profiler.main:run_profiler:46 - Starting profiler execution for "/home/delucca/src/msc/seismic-attributes-memory-profile/tools/seismic/seismic/attributes/first_derivative.py"
2024-06-09 19:28:32.397 | INFO     | dowser.profiler.handlers:execute_file:19 - Starting new profiler session for file "/home/delucca/src/msc/seismic-attributes-memory-profile/tools/seismic/seismic/attributes/first_derivative.py" with entrypoint set to: "run"
2024-06-09 19:28:32.399 | INFO     | dowser.profiler.handlers:execute_file:38 - Executing file: /home/delucca/src/msc/seismic-attributes-memory-profile/tools/seismic/seismic/attributes/first_derivative.py
2024-06-09 19:28:32.399 | INFO     | dowser.profiler.handlers:execute_file:42 - Compiling code
2024-06-09 19:28:32.399 | INFO     | dowser.profiler.handlers:execute_file:45 - Running execution before hook
2024-06-09 19:28:32.400 | INFO     | dowser.profiler.tracer:start_sampler:151 - Starting profile sampler
2024-06-09 19:28:32.400 | INFO     | dowser.profiler.tracer:start_sampler:152 - Using precision of 0.1s and process strategy
2024-06-09 19:28:32.404 | INFO     | dowser.profiler.handlers:execute_file:48 - Executing code file
2024-06-09 19:28:32.405 | INFO     | dowser.profiler.handlers:execute_file:52 - Running function: run
2024-06-09 19:28:36.550 | INFO     | dowser.profiler.handlers:execute_file:55 - Running execution after hook
2024-06-09 19:28:36.654 | INFO     | dowser.profiler.tracer:stop_sampler:169 - Profile sampler stopped
2024-06-09 19:28:36.654 | INFO     | dowser.profiler.handlers:execute_file:59 - File "/home/delucca/src/msc/seismic-attributes-memory-profile/tools/seismic/seismic/attributes/first_derivative.py" finished execution
2024-06-09 19:28:36.670 | INFO     | dowser.profiler.main:run_profiler:50 - Profiler execution finished
2024-06-09 19:28:36.672 | INFO     | dowser.profiler.main:run_profiler:52 - Saving profile data
2024-06-09 19:28:36.677 | INFO     | dowser.profiler.main:run_profiler:66 - Profiler output saved to: ../output/first_derivative-20240609-192724/profiles
2024-06-09 19:28:36.684 | INFO     | data_collection:_parse_profiles:201 - Parsing the peak data from profiles
2024-06-09 19:28:36.684 | INFO     | data_collection:collect_data:41 - Data collection finished
