2024-05-15 00:10:40.273 | INFO     | __main__:run_experiment:10 - Starting experiment with Session ID: 20240515_001000-kernel
2024-05-15 00:10:40.274 | DEBUG    | __main__:run_experiment:13 - Experiment config: output_dir=PosixPath('/home/delucca/src/msc/seismic-attributes-memory-profile/experiments/01-backend-comparisson/output/20240515_001000/kernel') logger=LoggerConfig(enabled_transports=[<Transport.CONSOLE: 'CONSOLE'>, <Transport.FILE: 'FILE'>], level=<Level.DEBUG: 'DEBUG'>) profiler=ProfilerConfig(session_id='20240515_001000-kernel', enabled_metrics=[<Metric.MEMORY_USAGE: 'MEMORY_USAGE'>, <Metric.TIME: 'TIME'>], memory_usage=MemoryUsageConfig(enabled_backends=[<MemoryUsageBackend.KERNEL: 'KERNEL'>]), filepath=None, entrypoint=None, signature=None, args=(), kwargs={}, instrumentation=InstrumentationConfig(depth=3, socket_path='/tmp/dowser.sock')) analyzer=AnalyzerConfig(sessions={}, unit=<MemoryUsageUnit.MB: 'mb'>)
2024-05-15 00:10:40.275 | INFO     | dowser.profiler.main:run_profiler:17 - Starting profiler
2024-05-15 00:10:40.275 | INFO     | dowser.profiler.metrics.memory_usage.builders:build_trace_hooks:12 - Enabled memory usage backends: "[<MemoryUsageBackend.KERNEL: 'KERNEL'>]"
2024-05-15 00:10:40.276 | DEBUG    | dowser.profiler.metrics.memory_usage.builders:build_trace_hooks:24 - Loading backend: "kernel"
2024-05-15 00:10:40.276 | DEBUG    | dowser.profiler.metrics.memory_usage.builders:build_trace_hooks:32 - Loaded backend: "<module 'dowser.profiler.metrics.memory_usage.backends.kernel' from '/home/delucca/src/msc/seismic-attributes-memory-profile/experiments/01-backend-comparisson/experiment/dowser/profiler/metrics/memory_usage/backends/kernel.py'>"
2024-05-15 00:10:40.277 | DEBUG    | dowser.profiler.metrics.memory_usage.builders:build_trace_hooks:35 - Checking if backend has "before" function
2024-05-15 00:10:40.277 | DEBUG    | dowser.profiler.metrics.memory_usage.builders:build_trace_hooks:43 - Added "before" from "kernel" to hooks
2024-05-15 00:10:40.277 | DEBUG    | dowser.profiler.metrics.memory_usage.builders:build_trace_hooks:35 - Checking if backend has "on_call" function
2024-05-15 00:10:40.277 | DEBUG    | dowser.profiler.metrics.memory_usage.builders:build_trace_hooks:43 - Added "on_call" from "kernel" to hooks
2024-05-15 00:10:40.277 | DEBUG    | dowser.profiler.metrics.memory_usage.builders:build_trace_hooks:35 - Checking if backend has "on_return" function
2024-05-15 00:10:40.277 | DEBUG    | dowser.profiler.metrics.memory_usage.builders:build_trace_hooks:43 - Added "on_return" from "kernel" to hooks
2024-05-15 00:10:40.278 | DEBUG    | dowser.profiler.metrics.memory_usage.builders:build_trace_hooks:35 - Checking if backend has "after" function
2024-05-15 00:10:40.278 | DEBUG    | dowser.profiler.metrics.memory_usage.builders:build_trace_hooks:43 - Added "after" from "kernel" to hooks
2024-05-15 00:10:40.278 | DEBUG    | dowser.profiler.builders:build_executor_hooks:45 - Building executor hooks using strategy: instrumentation
2024-05-15 00:10:40.278 | INFO     | dowser.common.networking:start_socket:25 - Socket server is listening on /tmp/dowser.sock
2024-05-15 00:10:40.282 | INFO     | dowser.profiler.strategies.instrumentation.socket:consume_socket:16 - Consuming socket on /tmp/dowser.sock
2024-05-15 00:10:40.282 | DEBUG    | dowser.profiler.main:run_profiler:46 - Using config: output_dir=PosixPath('/home/delucca/src/msc/seismic-attributes-memory-profile/experiments/01-backend-comparisson/output/20240515_001000/kernel') logger=LoggerConfig(enabled_transports=[<Transport.CONSOLE: 'CONSOLE'>, <Transport.FILE: 'FILE'>], level=<Level.DEBUG: 'DEBUG'>) profiler=ProfilerConfig(session_id='20240515_001000-kernel', enabled_metrics=[<Metric.MEMORY_USAGE: 'MEMORY_USAGE'>, <Metric.TIME: 'TIME'>], memory_usage=MemoryUsageConfig(enabled_backends=[<MemoryUsageBackend.KERNEL: 'KERNEL'>]), filepath=PosixPath('/home/delucca/src/msc/seismic-attributes-memory-profile/experiments/01-backend-comparisson/experiment/tasks.py'), entrypoint='consume_large_memory', signature=[FunctionParameter(name='num_elements', type='int', position=0, default='None')], args=(10000000,), kwargs={}, instrumentation=InstrumentationConfig(depth=3, socket_path='/tmp/dowser.sock')) analyzer=AnalyzerConfig(sessions={}, unit=<MemoryUsageUnit.MB: 'mb'>)
2024-05-15 00:10:40.282 | DEBUG    | dowser.profiler.main:run_profiler:47 - Using metadata: {'entrypoint_num_elements': '10000000', 'kernel_memory_usage_unit': 'kb', 'psutil_memory_usage_unit': 'b', 'resource_memory_usage_unit': 'kb', 'tracemalloc_memory_usage_unit': 'b', 'unix_timestamp_unit': 'ms'}
2024-05-15 00:10:40.282 | DEBUG    | dowser.profiler.main:run_profiler:48 - Enabled trace hooks: dict_keys(['before', 'on_call', 'on_return', 'after'])
2024-05-15 00:10:40.283 | DEBUG    | dowser.profiler.main:run_profiler:49 - Enabled metrics: [<Metric.MEMORY_USAGE: 'MEMORY_USAGE'>, <Metric.TIME: 'TIME'>]
2024-05-15 00:10:40.283 | DEBUG    | dowser.profiler.main:run_profiler:50 - Using args: (10000000,)
2024-05-15 00:10:40.283 | DEBUG    | dowser.profiler.main:run_profiler:51 - Using kwargs: {}
2024-05-15 00:10:40.283 | INFO     | dowser.profiler.main:run_profiler:53 - Starting profiler execution for "/home/delucca/src/msc/seismic-attributes-memory-profile/experiments/01-backend-comparisson/experiment/tasks.py"
2024-05-15 00:10:40.285 | INFO     | dowser.profiler.handlers:execute_file:19 - Starting new profiler session for file "/home/delucca/src/msc/seismic-attributes-memory-profile/experiments/01-backend-comparisson/experiment/tasks.py" with entrypoint set to: "consume_large_memory"
2024-05-15 00:10:40.286 | DEBUG    | dowser.profiler.handlers:execute_file:22 - Using args: (10000000,)
2024-05-15 00:10:40.286 | DEBUG    | dowser.profiler.handlers:execute_file:23 - Using kwargs: {}
2024-05-15 00:10:40.286 | INFO     | dowser.profiler.handlers:execute_file:38 - Executing file: /home/delucca/src/msc/seismic-attributes-memory-profile/experiments/01-backend-comparisson/experiment/tasks.py
2024-05-15 00:10:40.286 | DEBUG    | dowser.profiler.handlers:execute_file:40 - Using function "consume_large_memory" as entrypoint
2024-05-15 00:10:40.287 | INFO     | dowser.profiler.handlers:execute_file:42 - Compiling code
2024-05-15 00:10:40.287 | INFO     | dowser.profiler.handlers:execute_file:45 - Running before hooks and executing code
2024-05-15 00:10:40.287 | INFO     | dowser.profiler.strategies.instrumentation.hooks:before:14 - Running instrumentation before hooks
2024-05-15 00:10:40.287 | INFO     | dowser.profiler.strategies.instrumentation.tracers:start_tracer:18 - Starting profile tracer
2024-05-15 00:10:48.821 | INFO     | __main__.sub:consume_large_memory:9 - Consumed 10000000 elements
2024-05-15 00:10:48.945 | INFO     | dowser.profiler.strategies.instrumentation.hooks:after:19 - Running instrumentation after hooks
2024-05-15 00:10:48.945 | INFO     | dowser.profiler.strategies.instrumentation.tracers:stop_tracer:30 - Profile tracer stopped
2024-05-15 00:10:48.946 | INFO     | dowser.profiler.handlers:execute_file:54 - File "/home/delucca/src/msc/seismic-attributes-memory-profile/experiments/01-backend-comparisson/experiment/tasks.py" finished execution
2024-05-15 00:10:48.946 | DEBUG    | dowser.profiler.strategies.instrumentation.socket:consume_socket:20 - Got a new socket connection
2024-05-15 00:10:48.948 | INFO     | dowser.profiler.main:run_profiler:57 - Profiler execution finished
