2024-04-26 20:12:41,880 - dowser.logger.main.get_logger - INFO - Starting experiment with Session ID: 20240426_201241
2024-04-26 20:12:41,881 - dowser.logger.main.get_logger - DEBUG - Experiment config: {'session': {'id': '20240426_201241', 'output_dir': '/home/experiments/01-backend-comparisson/output/20240426_201241/psutil'}, 'logger': {'level': 'DEBUG'}, 'profiler': {'metrics': {'memory_usage': {'enabled_backends': 'psutil', 'precision': 3}}}}
2024-04-26 20:12:41,881 - dowser.logger.main.get_logger - INFO - Setting up profilers for function "consume_large_memory"
2024-04-26 20:12:41,882 - dowser.logger.main.get_logger - INFO - Profiling function "consume_large_memory"
2024-04-26 20:12:41,883 - dowser.logger.main.get_logger - DEBUG - Enabled profilers: ['memory_usage', 'time']
2024-04-26 20:12:41,884 - dowser.logger.main.get_logger - INFO - Setting up time profiler for function "consume_large_memory"
2024-04-26 20:12:41,884 - dowser.logger.main.get_logger - INFO - Setting up memory usage profiler for function "consume_large_memory"
2024-04-26 20:12:41,884 - dowser.logger.main.get_logger - DEBUG - Enabled memory usage backends: ['psutil']
2024-04-26 20:12:41,885 - dowser.logger.main.get_logger - INFO - Setting up psutil memory usage profiler for function "consume_large_memory"
2024-04-26 20:12:41,885 - dowser.logger.main.get_logger - DEBUG - Profiling memory usage of PID 11 with precision of 0.001s
2024-04-26 20:12:41,886 - dowser.logger.main.get_logger - DEBUG - Setting up multiprocessing parallelized profiler for function to_memory_usage_record_of_get_memory_info
2024-04-26 20:12:41,933 - dowser.logger.main.get_logger - INFO - Hooking sync event to function consume_large_memory
2024-04-26 20:12:43,319 - dowser.logger.main.get_logger - INFO - Consumed 10000000 elements
2024-04-26 20:12:43,452 - dowser.logger.main.get_logger - DEBUG - Amount of collected profile records: 3
2024-04-26 20:12:43,452 - dowser.logger.main.get_logger - DEBUG - Sample record: ('START', 1714162361.9341292)
2024-04-26 20:12:43,452 - dowser.logger.main.get_logger - DEBUG - Total execution time: 1.5178301334381104s
2024-04-26 20:12:43,452 - dowser.logger.main.get_logger - DEBUG - Adding time log entries to report
2024-04-26 20:12:43,980 - dowser.logger.main.get_logger - DEBUG - Amount of collected profile records: 953
2024-04-26 20:12:43,981 - dowser.logger.main.get_logger - DEBUG - Sample record: (1714162361.9357908, 22609920.0)
2024-04-26 20:12:43,981 - dowser.logger.main.get_logger - DEBUG - Adding memory_usage log entries to report
2024-04-26 20:12:43,986 - dowser.logger.main.get_logger - INFO - Saving profiler report
