2024-06-09 19:38:55.805 | INFO     | __main__:run:25 - Starting data collection
2024-06-09 19:38:55.805 | INFO     | data_collection:_generate_many_evenly_spaced:55 - Generating 8 sets of synthetic data with distributed shapes within max bounds (300, 300, 300)
2024-06-09 19:38:55.805 | INFO     | data_collection:_generate_many_evenly_spaced:70 - Calculated 8 shapes to evenly generate data for
2024-06-09 19:38:55.805 | INFO     | data_collection:_generate_many_evenly_spaced:77 - Generating synthetic data 1/8 with shape (100, 100, 100)
2024-06-09 19:38:55.806 | INFO     | seismic.data.synthetic:generate_and_save_synthetic_data:130 - Generating synthetic data for shape (100, 100, 100)
2024-06-09 19:38:56.801 | INFO     | data_collection:_generate_many_evenly_spaced:90 - Finished generating synthetic data 1/8. Data stored on: ../output/gst_3d_dip-20240609-193855/data/100-100-100.segy
2024-06-09 19:38:56.802 | INFO     | data_collection:_generate_many_evenly_spaced:77 - Generating synthetic data 2/8 with shape (100, 100, 300)
2024-06-09 19:38:56.802 | INFO     | seismic.data.synthetic:generate_and_save_synthetic_data:130 - Generating synthetic data for shape (100, 100, 300)
2024-06-09 19:38:57.804 | INFO     | data_collection:_generate_many_evenly_spaced:90 - Finished generating synthetic data 2/8. Data stored on: ../output/gst_3d_dip-20240609-193855/data/100-100-300.segy
2024-06-09 19:38:57.804 | INFO     | data_collection:_generate_many_evenly_spaced:77 - Generating synthetic data 3/8 with shape (100, 300, 100)
2024-06-09 19:38:57.804 | INFO     | seismic.data.synthetic:generate_and_save_synthetic_data:130 - Generating synthetic data for shape (100, 300, 100)
2024-06-09 19:39:00.594 | INFO     | data_collection:_generate_many_evenly_spaced:90 - Finished generating synthetic data 3/8. Data stored on: ../output/gst_3d_dip-20240609-193855/data/100-300-100.segy
2024-06-09 19:39:00.595 | INFO     | data_collection:_generate_many_evenly_spaced:77 - Generating synthetic data 4/8 with shape (100, 300, 300)
2024-06-09 19:39:00.595 | INFO     | seismic.data.synthetic:generate_and_save_synthetic_data:130 - Generating synthetic data for shape (100, 300, 300)
2024-06-09 19:39:02.522 | INFO     | data_collection:_generate_many_evenly_spaced:90 - Finished generating synthetic data 4/8. Data stored on: ../output/gst_3d_dip-20240609-193855/data/100-300-300.segy
2024-06-09 19:39:02.522 | INFO     | data_collection:_generate_many_evenly_spaced:77 - Generating synthetic data 5/8 with shape (300, 100, 100)
2024-06-09 19:39:02.522 | INFO     | seismic.data.synthetic:generate_and_save_synthetic_data:130 - Generating synthetic data for shape (300, 100, 100)
2024-06-09 19:39:05.410 | INFO     | data_collection:_generate_many_evenly_spaced:90 - Finished generating synthetic data 5/8. Data stored on: ../output/gst_3d_dip-20240609-193855/data/300-100-100.segy
2024-06-09 19:39:05.411 | INFO     | data_collection:_generate_many_evenly_spaced:77 - Generating synthetic data 6/8 with shape (300, 100, 300)
2024-06-09 19:39:05.411 | INFO     | seismic.data.synthetic:generate_and_save_synthetic_data:130 - Generating synthetic data for shape (300, 100, 300)
2024-06-09 19:39:08.322 | INFO     | data_collection:_generate_many_evenly_spaced:90 - Finished generating synthetic data 6/8. Data stored on: ../output/gst_3d_dip-20240609-193855/data/300-100-300.segy
2024-06-09 19:39:08.323 | INFO     | data_collection:_generate_many_evenly_spaced:77 - Generating synthetic data 7/8 with shape (300, 300, 100)
2024-06-09 19:39:08.323 | INFO     | seismic.data.synthetic:generate_and_save_synthetic_data:130 - Generating synthetic data for shape (300, 300, 100)
2024-06-09 19:39:15.675 | INFO     | data_collection:_generate_many_evenly_spaced:90 - Finished generating synthetic data 7/8. Data stored on: ../output/gst_3d_dip-20240609-193855/data/300-300-100.segy
2024-06-09 19:39:15.676 | INFO     | data_collection:_generate_many_evenly_spaced:77 - Generating synthetic data 8/8 with shape (300, 300, 300)
2024-06-09 19:39:15.676 | INFO     | seismic.data.synthetic:generate_and_save_synthetic_data:130 - Generating synthetic data for shape (300, 300, 300)
2024-06-09 19:39:21.275 | INFO     | data_collection:_generate_many_evenly_spaced:90 - Finished generating synthetic data 8/8. Data stored on: ../output/gst_3d_dip-20240609-193855/data/300-300-300.segy
2024-06-09 19:39:21.275 | INFO     | data_collection:_generate_many_evenly_spaced:94 - All synthetic data generated
2024-06-09 19:39:21.276 | INFO     | data_collection:_get_attribute_handler:173 - Loading attribute handler for "gst_3d_dip"
2024-06-09 19:39:21.283 | INFO     | data_collection:_profile_datasets:131 - Profiling datasets with handler "seismic.attributes.gst_3d_dip.run"
2024-06-09 19:39:21.284 | INFO     | dowser.profiler.main:run_profiler:15 - Starting profiler
2024-06-09 19:39:21.284 | INFO     | dowser.profiler.metrics.memory_usage.builders:build_trace_hooks:12 - Enabled memory usage backends: "[<MemoryUsageBackend.KERNEL: 'KERNEL'>]"
2024-06-09 19:39:21.286 | WARNING  | dowser.profiler.metrics.memory_usage.builders:build_trace_hooks:37 - Backend "kernel" does not have "after" function
2024-06-09 19:39:21.308 | INFO     | dowser.profiler.main:run_profiler:46 - Starting profiler execution for "/home/delucca/src/msc/seismic-attributes-memory-profile/tools/seismic/seismic/attributes/gst_3d_dip.py"
2024-06-09 19:39:21.314 | INFO     | dowser.profiler.handlers:execute_file:19 - Starting new profiler session for file "/home/delucca/src/msc/seismic-attributes-memory-profile/tools/seismic/seismic/attributes/gst_3d_dip.py" with entrypoint set to: "run"
2024-06-09 19:39:21.316 | INFO     | dowser.profiler.handlers:execute_file:38 - Executing file: /home/delucca/src/msc/seismic-attributes-memory-profile/tools/seismic/seismic/attributes/gst_3d_dip.py
2024-06-09 19:39:21.316 | INFO     | dowser.profiler.handlers:execute_file:42 - Compiling code
2024-06-09 19:39:21.316 | INFO     | dowser.profiler.handlers:execute_file:45 - Running execution before hook
2024-06-09 19:39:21.316 | INFO     | dowser.profiler.tracer:start_sampler:151 - Starting profile sampler
2024-06-09 19:39:21.317 | INFO     | dowser.profiler.tracer:start_sampler:152 - Using precision of 0.1s and process strategy
2024-06-09 19:39:21.319 | INFO     | dowser.profiler.handlers:execute_file:48 - Executing code file
2024-06-09 19:39:21.320 | INFO     | dowser.profiler.handlers:execute_file:52 - Running function: run
2024-06-09 19:39:25.608 | INFO     | dowser.profiler.handlers:execute_file:55 - Running execution after hook
2024-06-09 19:39:25.676 | INFO     | dowser.profiler.tracer:stop_sampler:169 - Profile sampler stopped
2024-06-09 19:39:25.677 | INFO     | dowser.profiler.handlers:execute_file:59 - File "/home/delucca/src/msc/seismic-attributes-memory-profile/tools/seismic/seismic/attributes/gst_3d_dip.py" finished execution
2024-06-09 19:39:25.699 | INFO     | dowser.profiler.main:run_profiler:50 - Profiler execution finished
2024-06-09 19:39:25.701 | INFO     | dowser.profiler.main:run_profiler:52 - Saving profile data
2024-06-09 19:39:25.708 | INFO     | dowser.profiler.main:run_profiler:66 - Profiler output saved to: ../output/gst_3d_dip-20240609-193855/profiles
2024-06-09 19:39:25.718 | INFO     | dowser.profiler.main:run_profiler:15 - Starting profiler
2024-06-09 19:39:25.718 | INFO     | dowser.profiler.metrics.memory_usage.builders:build_trace_hooks:12 - Enabled memory usage backends: "[<MemoryUsageBackend.KERNEL: 'KERNEL'>]"
2024-06-09 19:39:25.719 | WARNING  | dowser.profiler.metrics.memory_usage.builders:build_trace_hooks:37 - Backend "kernel" does not have "after" function
2024-06-09 19:39:25.730 | INFO     | dowser.profiler.main:run_profiler:46 - Starting profiler execution for "/home/delucca/src/msc/seismic-attributes-memory-profile/tools/seismic/seismic/attributes/gst_3d_dip.py"
2024-06-09 19:39:25.736 | INFO     | dowser.profiler.handlers:execute_file:19 - Starting new profiler session for file "/home/delucca/src/msc/seismic-attributes-memory-profile/tools/seismic/seismic/attributes/gst_3d_dip.py" with entrypoint set to: "run"
2024-06-09 19:39:25.737 | INFO     | dowser.profiler.handlers:execute_file:38 - Executing file: /home/delucca/src/msc/seismic-attributes-memory-profile/tools/seismic/seismic/attributes/gst_3d_dip.py
2024-06-09 19:39:25.737 | INFO     | dowser.profiler.handlers:execute_file:42 - Compiling code
2024-06-09 19:39:25.737 | INFO     | dowser.profiler.handlers:execute_file:45 - Running execution before hook
2024-06-09 19:39:25.738 | INFO     | dowser.profiler.tracer:start_sampler:151 - Starting profile sampler
2024-06-09 19:39:25.738 | INFO     | dowser.profiler.tracer:start_sampler:152 - Using precision of 0.1s and process strategy
2024-06-09 19:39:25.741 | INFO     | dowser.profiler.handlers:execute_file:48 - Executing code file
2024-06-09 19:39:25.741 | INFO     | dowser.profiler.handlers:execute_file:52 - Running function: run
2024-06-09 19:39:30.278 | INFO     | dowser.profiler.handlers:execute_file:55 - Running execution after hook
2024-06-09 19:39:30.299 | INFO     | dowser.profiler.tracer:stop_sampler:169 - Profile sampler stopped
2024-06-09 19:39:30.300 | INFO     | dowser.profiler.handlers:execute_file:59 - File "/home/delucca/src/msc/seismic-attributes-memory-profile/tools/seismic/seismic/attributes/gst_3d_dip.py" finished execution
2024-06-09 19:39:30.325 | INFO     | dowser.profiler.main:run_profiler:50 - Profiler execution finished
2024-06-09 19:39:30.327 | INFO     | dowser.profiler.main:run_profiler:52 - Saving profile data
2024-06-09 19:39:30.333 | INFO     | dowser.profiler.main:run_profiler:66 - Profiler output saved to: ../output/gst_3d_dip-20240609-193855/profiles
2024-06-09 19:39:30.342 | INFO     | dowser.profiler.main:run_profiler:15 - Starting profiler
2024-06-09 19:39:30.342 | INFO     | dowser.profiler.metrics.memory_usage.builders:build_trace_hooks:12 - Enabled memory usage backends: "[<MemoryUsageBackend.KERNEL: 'KERNEL'>]"
2024-06-09 19:39:30.343 | WARNING  | dowser.profiler.metrics.memory_usage.builders:build_trace_hooks:37 - Backend "kernel" does not have "after" function
2024-06-09 19:39:30.353 | INFO     | dowser.profiler.main:run_profiler:46 - Starting profiler execution for "/home/delucca/src/msc/seismic-attributes-memory-profile/tools/seismic/seismic/attributes/gst_3d_dip.py"
2024-06-09 19:39:30.360 | INFO     | dowser.profiler.handlers:execute_file:19 - Starting new profiler session for file "/home/delucca/src/msc/seismic-attributes-memory-profile/tools/seismic/seismic/attributes/gst_3d_dip.py" with entrypoint set to: "run"
2024-06-09 19:39:30.360 | INFO     | dowser.profiler.handlers:execute_file:38 - Executing file: /home/delucca/src/msc/seismic-attributes-memory-profile/tools/seismic/seismic/attributes/gst_3d_dip.py
2024-06-09 19:39:30.361 | INFO     | dowser.profiler.handlers:execute_file:42 - Compiling code
2024-06-09 19:39:30.361 | INFO     | dowser.profiler.handlers:execute_file:45 - Running execution before hook
2024-06-09 19:39:30.361 | INFO     | dowser.profiler.tracer:start_sampler:151 - Starting profile sampler
2024-06-09 19:39:30.361 | INFO     | dowser.profiler.tracer:start_sampler:152 - Using precision of 0.1s and process strategy
2024-06-09 19:39:30.365 | INFO     | dowser.profiler.handlers:execute_file:48 - Executing code file
2024-06-09 19:39:30.365 | INFO     | dowser.profiler.handlers:execute_file:52 - Running function: run
2024-06-09 19:39:34.907 | INFO     | dowser.profiler.handlers:execute_file:55 - Running execution after hook
2024-06-09 19:39:35.015 | INFO     | dowser.profiler.tracer:stop_sampler:169 - Profile sampler stopped
2024-06-09 19:39:35.016 | INFO     | dowser.profiler.handlers:execute_file:59 - File "/home/delucca/src/msc/seismic-attributes-memory-profile/tools/seismic/seismic/attributes/gst_3d_dip.py" finished execution
2024-06-09 19:39:35.037 | INFO     | dowser.profiler.main:run_profiler:50 - Profiler execution finished
2024-06-09 19:39:35.039 | INFO     | dowser.profiler.main:run_profiler:52 - Saving profile data
2024-06-09 19:39:35.046 | INFO     | dowser.profiler.main:run_profiler:66 - Profiler output saved to: ../output/gst_3d_dip-20240609-193855/profiles
2024-06-09 19:39:35.056 | INFO     | dowser.profiler.main:run_profiler:15 - Starting profiler
2024-06-09 19:39:35.057 | INFO     | dowser.profiler.metrics.memory_usage.builders:build_trace_hooks:12 - Enabled memory usage backends: "[<MemoryUsageBackend.KERNEL: 'KERNEL'>]"
2024-06-09 19:39:35.057 | WARNING  | dowser.profiler.metrics.memory_usage.builders:build_trace_hooks:37 - Backend "kernel" does not have "after" function
2024-06-09 19:39:35.069 | INFO     | dowser.profiler.main:run_profiler:46 - Starting profiler execution for "/home/delucca/src/msc/seismic-attributes-memory-profile/tools/seismic/seismic/attributes/gst_3d_dip.py"
2024-06-09 19:39:35.076 | INFO     | dowser.profiler.handlers:execute_file:19 - Starting new profiler session for file "/home/delucca/src/msc/seismic-attributes-memory-profile/tools/seismic/seismic/attributes/gst_3d_dip.py" with entrypoint set to: "run"
2024-06-09 19:39:35.077 | INFO     | dowser.profiler.handlers:execute_file:38 - Executing file: /home/delucca/src/msc/seismic-attributes-memory-profile/tools/seismic/seismic/attributes/gst_3d_dip.py
2024-06-09 19:39:35.077 | INFO     | dowser.profiler.handlers:execute_file:42 - Compiling code
2024-06-09 19:39:35.077 | INFO     | dowser.profiler.handlers:execute_file:45 - Running execution before hook
2024-06-09 19:39:35.078 | INFO     | dowser.profiler.tracer:start_sampler:151 - Starting profile sampler
2024-06-09 19:39:35.078 | INFO     | dowser.profiler.tracer:start_sampler:152 - Using precision of 0.1s and process strategy
2024-06-09 19:39:35.081 | INFO     | dowser.profiler.handlers:execute_file:48 - Executing code file
2024-06-09 19:39:35.082 | INFO     | dowser.profiler.handlers:execute_file:52 - Running function: run
2024-06-09 19:39:42.999 | INFO     | dowser.profiler.handlers:execute_file:55 - Running execution after hook
2024-06-09 19:39:43.066 | INFO     | dowser.profiler.tracer:stop_sampler:169 - Profile sampler stopped
2024-06-09 19:39:43.067 | INFO     | dowser.profiler.handlers:execute_file:59 - File "/home/delucca/src/msc/seismic-attributes-memory-profile/tools/seismic/seismic/attributes/gst_3d_dip.py" finished execution
2024-06-09 19:39:43.089 | INFO     | dowser.profiler.main:run_profiler:50 - Profiler execution finished
2024-06-09 19:39:43.091 | INFO     | dowser.profiler.main:run_profiler:52 - Saving profile data
2024-06-09 19:39:43.102 | INFO     | dowser.profiler.main:run_profiler:66 - Profiler output saved to: ../output/gst_3d_dip-20240609-193855/profiles
2024-06-09 19:39:43.110 | INFO     | dowser.profiler.main:run_profiler:15 - Starting profiler
2024-06-09 19:39:43.111 | INFO     | dowser.profiler.metrics.memory_usage.builders:build_trace_hooks:12 - Enabled memory usage backends: "[<MemoryUsageBackend.KERNEL: 'KERNEL'>]"
2024-06-09 19:39:43.111 | WARNING  | dowser.profiler.metrics.memory_usage.builders:build_trace_hooks:37 - Backend "kernel" does not have "after" function
2024-06-09 19:39:43.122 | INFO     | dowser.profiler.main:run_profiler:46 - Starting profiler execution for "/home/delucca/src/msc/seismic-attributes-memory-profile/tools/seismic/seismic/attributes/gst_3d_dip.py"
2024-06-09 19:39:43.128 | INFO     | dowser.profiler.handlers:execute_file:19 - Starting new profiler session for file "/home/delucca/src/msc/seismic-attributes-memory-profile/tools/seismic/seismic/attributes/gst_3d_dip.py" with entrypoint set to: "run"
2024-06-09 19:39:43.129 | INFO     | dowser.profiler.handlers:execute_file:38 - Executing file: /home/delucca/src/msc/seismic-attributes-memory-profile/tools/seismic/seismic/attributes/gst_3d_dip.py
2024-06-09 19:39:43.129 | INFO     | dowser.profiler.handlers:execute_file:42 - Compiling code
2024-06-09 19:39:43.129 | INFO     | dowser.profiler.handlers:execute_file:45 - Running execution before hook
2024-06-09 19:39:43.130 | INFO     | dowser.profiler.tracer:start_sampler:151 - Starting profile sampler
2024-06-09 19:39:43.130 | INFO     | dowser.profiler.tracer:start_sampler:152 - Using precision of 0.1s and process strategy
2024-06-09 19:39:43.133 | INFO     | dowser.profiler.handlers:execute_file:48 - Executing code file
2024-06-09 19:39:43.133 | INFO     | dowser.profiler.handlers:execute_file:52 - Running function: run
2024-06-09 19:39:47.504 | INFO     | dowser.profiler.handlers:execute_file:55 - Running execution after hook
2024-06-09 19:39:47.586 | INFO     | dowser.profiler.tracer:stop_sampler:169 - Profile sampler stopped
2024-06-09 19:39:47.586 | INFO     | dowser.profiler.handlers:execute_file:59 - File "/home/delucca/src/msc/seismic-attributes-memory-profile/tools/seismic/seismic/attributes/gst_3d_dip.py" finished execution
2024-06-09 19:39:47.611 | INFO     | dowser.profiler.main:run_profiler:50 - Profiler execution finished
2024-06-09 19:39:47.613 | INFO     | dowser.profiler.main:run_profiler:52 - Saving profile data
2024-06-09 19:39:47.619 | INFO     | dowser.profiler.main:run_profiler:66 - Profiler output saved to: ../output/gst_3d_dip-20240609-193855/profiles
2024-06-09 19:39:47.627 | INFO     | dowser.profiler.main:run_profiler:15 - Starting profiler
2024-06-09 19:39:47.628 | INFO     | dowser.profiler.metrics.memory_usage.builders:build_trace_hooks:12 - Enabled memory usage backends: "[<MemoryUsageBackend.KERNEL: 'KERNEL'>]"
2024-06-09 19:39:47.628 | WARNING  | dowser.profiler.metrics.memory_usage.builders:build_trace_hooks:37 - Backend "kernel" does not have "after" function
2024-06-09 19:39:47.639 | INFO     | dowser.profiler.main:run_profiler:46 - Starting profiler execution for "/home/delucca/src/msc/seismic-attributes-memory-profile/tools/seismic/seismic/attributes/gst_3d_dip.py"
2024-06-09 19:39:47.645 | INFO     | dowser.profiler.handlers:execute_file:19 - Starting new profiler session for file "/home/delucca/src/msc/seismic-attributes-memory-profile/tools/seismic/seismic/attributes/gst_3d_dip.py" with entrypoint set to: "run"
2024-06-09 19:39:47.646 | INFO     | dowser.profiler.handlers:execute_file:38 - Executing file: /home/delucca/src/msc/seismic-attributes-memory-profile/tools/seismic/seismic/attributes/gst_3d_dip.py
2024-06-09 19:39:47.647 | INFO     | dowser.profiler.handlers:execute_file:42 - Compiling code
2024-06-09 19:39:47.647 | INFO     | dowser.profiler.handlers:execute_file:45 - Running execution before hook
2024-06-09 19:39:47.647 | INFO     | dowser.profiler.tracer:start_sampler:151 - Starting profile sampler
2024-06-09 19:39:47.648 | INFO     | dowser.profiler.tracer:start_sampler:152 - Using precision of 0.1s and process strategy
2024-06-09 19:39:47.650 | INFO     | dowser.profiler.handlers:execute_file:48 - Executing code file
2024-06-09 19:39:47.651 | INFO     | dowser.profiler.handlers:execute_file:52 - Running function: run
2024-06-09 19:39:56.704 | INFO     | dowser.profiler.handlers:execute_file:55 - Running execution after hook
2024-06-09 19:39:56.743 | INFO     | dowser.profiler.tracer:stop_sampler:169 - Profile sampler stopped
2024-06-09 19:39:56.744 | INFO     | dowser.profiler.handlers:execute_file:59 - File "/home/delucca/src/msc/seismic-attributes-memory-profile/tools/seismic/seismic/attributes/gst_3d_dip.py" finished execution
2024-06-09 19:39:56.764 | INFO     | dowser.profiler.main:run_profiler:50 - Profiler execution finished
2024-06-09 19:39:56.766 | INFO     | dowser.profiler.main:run_profiler:52 - Saving profile data
2024-06-09 19:39:56.782 | INFO     | dowser.profiler.main:run_profiler:66 - Profiler output saved to: ../output/gst_3d_dip-20240609-193855/profiles
2024-06-09 19:39:56.790 | INFO     | dowser.profiler.main:run_profiler:15 - Starting profiler
2024-06-09 19:39:56.790 | INFO     | dowser.profiler.metrics.memory_usage.builders:build_trace_hooks:12 - Enabled memory usage backends: "[<MemoryUsageBackend.KERNEL: 'KERNEL'>]"
2024-06-09 19:39:56.791 | WARNING  | dowser.profiler.metrics.memory_usage.builders:build_trace_hooks:37 - Backend "kernel" does not have "after" function
2024-06-09 19:39:56.802 | INFO     | dowser.profiler.main:run_profiler:46 - Starting profiler execution for "/home/delucca/src/msc/seismic-attributes-memory-profile/tools/seismic/seismic/attributes/gst_3d_dip.py"
2024-06-09 19:39:56.810 | INFO     | dowser.profiler.handlers:execute_file:19 - Starting new profiler session for file "/home/delucca/src/msc/seismic-attributes-memory-profile/tools/seismic/seismic/attributes/gst_3d_dip.py" with entrypoint set to: "run"
2024-06-09 19:39:56.811 | INFO     | dowser.profiler.handlers:execute_file:38 - Executing file: /home/delucca/src/msc/seismic-attributes-memory-profile/tools/seismic/seismic/attributes/gst_3d_dip.py
2024-06-09 19:39:56.812 | INFO     | dowser.profiler.handlers:execute_file:42 - Compiling code
2024-06-09 19:39:56.812 | INFO     | dowser.profiler.handlers:execute_file:45 - Running execution before hook
2024-06-09 19:39:56.813 | INFO     | dowser.profiler.tracer:start_sampler:151 - Starting profile sampler
2024-06-09 19:39:56.813 | INFO     | dowser.profiler.tracer:start_sampler:152 - Using precision of 0.1s and process strategy
2024-06-09 19:39:56.816 | INFO     | dowser.profiler.handlers:execute_file:48 - Executing code file
2024-06-09 19:39:56.817 | INFO     | dowser.profiler.handlers:execute_file:52 - Running function: run
2024-06-09 19:40:04.868 | INFO     | dowser.profiler.handlers:execute_file:55 - Running execution after hook
2024-06-09 19:40:04.903 | INFO     | dowser.profiler.tracer:stop_sampler:169 - Profile sampler stopped
2024-06-09 19:40:04.904 | INFO     | dowser.profiler.handlers:execute_file:59 - File "/home/delucca/src/msc/seismic-attributes-memory-profile/tools/seismic/seismic/attributes/gst_3d_dip.py" finished execution
2024-06-09 19:40:04.959 | INFO     | dowser.profiler.main:run_profiler:50 - Profiler execution finished
2024-06-09 19:40:04.961 | INFO     | dowser.profiler.main:run_profiler:52 - Saving profile data
2024-06-09 19:40:04.973 | INFO     | dowser.profiler.main:run_profiler:66 - Profiler output saved to: ../output/gst_3d_dip-20240609-193855/profiles
2024-06-09 19:40:04.982 | INFO     | dowser.profiler.main:run_profiler:15 - Starting profiler
2024-06-09 19:40:04.982 | INFO     | dowser.profiler.metrics.memory_usage.builders:build_trace_hooks:12 - Enabled memory usage backends: "[<MemoryUsageBackend.KERNEL: 'KERNEL'>]"
2024-06-09 19:40:04.983 | WARNING  | dowser.profiler.metrics.memory_usage.builders:build_trace_hooks:37 - Backend "kernel" does not have "after" function
2024-06-09 19:40:04.994 | INFO     | dowser.profiler.main:run_profiler:46 - Starting profiler execution for "/home/delucca/src/msc/seismic-attributes-memory-profile/tools/seismic/seismic/attributes/gst_3d_dip.py"
2024-06-09 19:40:05.002 | INFO     | dowser.profiler.handlers:execute_file:19 - Starting new profiler session for file "/home/delucca/src/msc/seismic-attributes-memory-profile/tools/seismic/seismic/attributes/gst_3d_dip.py" with entrypoint set to: "run"
2024-06-09 19:40:05.002 | INFO     | dowser.profiler.handlers:execute_file:38 - Executing file: /home/delucca/src/msc/seismic-attributes-memory-profile/tools/seismic/seismic/attributes/gst_3d_dip.py
2024-06-09 19:40:05.003 | INFO     | dowser.profiler.handlers:execute_file:42 - Compiling code
2024-06-09 19:40:05.003 | INFO     | dowser.profiler.handlers:execute_file:45 - Running execution before hook
2024-06-09 19:40:05.003 | INFO     | dowser.profiler.tracer:start_sampler:151 - Starting profile sampler
2024-06-09 19:40:05.004 | INFO     | dowser.profiler.tracer:start_sampler:152 - Using precision of 0.1s and process strategy
2024-06-09 19:40:05.007 | INFO     | dowser.profiler.handlers:execute_file:48 - Executing code file
2024-06-09 19:40:05.007 | INFO     | dowser.profiler.handlers:execute_file:52 - Running function: run
2024-06-09 19:40:23.458 | INFO     | dowser.profiler.handlers:execute_file:55 - Running execution after hook
2024-06-09 19:40:23.485 | INFO     | dowser.profiler.tracer:stop_sampler:169 - Profile sampler stopped
2024-06-09 19:40:23.486 | INFO     | dowser.profiler.handlers:execute_file:59 - File "/home/delucca/src/msc/seismic-attributes-memory-profile/tools/seismic/seismic/attributes/gst_3d_dip.py" finished execution
2024-06-09 19:40:23.505 | INFO     | dowser.profiler.main:run_profiler:50 - Profiler execution finished
2024-06-09 19:40:23.507 | INFO     | dowser.profiler.main:run_profiler:52 - Saving profile data
2024-06-09 19:40:23.539 | INFO     | dowser.profiler.main:run_profiler:66 - Profiler output saved to: ../output/gst_3d_dip-20240609-193855/profiles
2024-06-09 19:40:23.551 | INFO     | data_collection:_parse_profiles:201 - Parsing the peak data from profiles
2024-06-09 19:40:23.551 | INFO     | data_collection:collect_data:41 - Data collection finished
