2024-04-26 02:26:22,087 - dowser.logger.main.get_logger - INFO - Starting experiment with Session ID: 20240426_022620
2024-04-26 02:26:22,087 - dowser.logger.main.get_logger - DEBUG - Experiment config: {'logger': {'level': 'DEBUG', 'transports': {'file': {'output_dir': '/home/delucca/src/msc/seismic-attributes-memory-profile/experiments/01-backend-comparisson/output/20240426_022620/resource'}}}, 'profiler': {'session': {'id': '20240426_022620', 'metadata': {'input': 'num_elements=10000000'}}, 'report': {'output_dir': '/home/delucca/src/msc/seismic-attributes-memory-profile/experiments/01-backend-comparisson/output/20240426_022620/resource'}, 'metrics': {'memory_usage': {'enabled_backends': 'resource', 'precision': 3}}}}
2024-04-26 02:26:22,087 - dowser.logger.main.get_logger - INFO - Setting up profilers for function "consume_large_memory"
2024-04-26 02:26:22,088 - dowser.logger.main.get_logger - DEBUG - Enabled profilers: ['memory_usage', 'time']
2024-04-26 02:26:22,088 - dowser.logger.main.get_logger - INFO - Setting up time profiler for function "consume_large_memory"
2024-04-26 02:26:22,089 - dowser.logger.main.get_logger - INFO - Setting up memory usage profiler for function "consume_large_memory"
2024-04-26 02:26:22,089 - dowser.logger.main.get_logger - DEBUG - Enabled memory usage backends: ['resource']
2024-04-26 02:26:22,090 - dowser.logger.main.get_logger - INFO - Setting up resource memory usage profiler for function "consume_large_memory"
2024-04-26 02:26:22,090 - dowser.logger.main.get_logger - INFO - Profiling function "consume_large_memory"
2024-04-26 02:26:22,090 - dowser.logger.main.get_logger - DEBUG - Profiling memory usage of PID 2089 with precision of 0.001s
2024-04-26 02:26:22,090 - dowser.logger.main.get_logger - DEBUG - Setting up threading parallelized profiler for function to_memory_usage_record_of_get_resource_usage
2024-04-26 02:26:22,093 - dowser.logger.main.get_logger - INFO - Hooking sync event to function consume_large_memory
2024-04-26 02:26:22,979 - dowser.logger.main.get_logger - INFO - Consumed 10000000 elements
2024-04-26 02:26:23,027 - dowser.logger.main.get_logger - DEBUG - Amount of collected profile records: 3
2024-04-26 02:26:23,027 - dowser.logger.main.get_logger - DEBUG - Sample record: ('START', 1714109182.093624)
2024-04-26 02:26:23,027 - dowser.logger.main.get_logger - DEBUG - Total execution time: 0.933398962020874s
2024-04-26 02:26:23,027 - dowser.logger.main.get_logger - DEBUG - Adding time log entries to report
2024-04-26 02:26:23,028 - dowser.logger.main.get_logger - DEBUG - Amount of collected profile records: 106
2024-04-26 02:26:23,028 - dowser.logger.main.get_logger - DEBUG - Sample record: (1714109182.092634, 45820.0)
2024-04-26 02:26:23,028 - dowser.logger.main.get_logger - DEBUG - Adding memory_usage log entries to report
2024-04-26 02:26:23,028 - dowser.logger.main.get_logger - INFO - Saving profiler report
