2024-05-15 00:10:19.681 | INFO     | __main__:run_experiment:10 - Starting experiment with Session ID: 20240515_001000-tracemalloc
2024-05-15 00:10:19.682 | DEBUG    | __main__:run_experiment:13 - Experiment config: output_dir=PosixPath('/home/delucca/src/msc/seismic-attributes-memory-profile/experiments/01-backend-comparisson/output/20240515_001000/tracemalloc') logger=LoggerConfig(enabled_transports=[<Transport.CONSOLE: 'CONSOLE'>, <Transport.FILE: 'FILE'>], level=<Level.DEBUG: 'DEBUG'>) profiler=ProfilerConfig(session_id='20240515_001000-tracemalloc', enabled_metrics=[<Metric.MEMORY_USAGE: 'MEMORY_USAGE'>, <Metric.TIME: 'TIME'>], memory_usage=MemoryUsageConfig(enabled_backends=[<MemoryUsageBackend.TRACEMALLOC: 'TRACEMALLOC'>]), filepath=None, entrypoint=None, signature=None, args=(), kwargs={}, instrumentation=InstrumentationConfig(depth=3, socket_path='/tmp/dowser.sock')) analyzer=AnalyzerConfig(sessions={}, unit=<MemoryUsageUnit.MB: 'mb'>)
2024-05-15 00:10:19.682 | INFO     | dowser.profiler.main:run_profiler:17 - Starting profiler
2024-05-15 00:10:19.683 | INFO     | dowser.profiler.metrics.memory_usage.builders:build_trace_hooks:12 - Enabled memory usage backends: "[<MemoryUsageBackend.TRACEMALLOC: 'TRACEMALLOC'>]"
2024-05-15 00:10:19.683 | DEBUG    | dowser.profiler.metrics.memory_usage.builders:build_trace_hooks:24 - Loading backend: "tracemalloc"
2024-05-15 00:10:19.684 | DEBUG    | dowser.profiler.metrics.memory_usage.builders:build_trace_hooks:32 - Loaded backend: "<module 'dowser.profiler.metrics.memory_usage.backends.tracemalloc' from '/home/delucca/src/msc/seismic-attributes-memory-profile/experiments/01-backend-comparisson/experiment/dowser/profiler/metrics/memory_usage/backends/tracemalloc.py'>"
2024-05-15 00:10:19.684 | DEBUG    | dowser.profiler.metrics.memory_usage.builders:build_trace_hooks:35 - Checking if backend has "before" function
2024-05-15 00:10:19.684 | DEBUG    | dowser.profiler.metrics.memory_usage.builders:build_trace_hooks:43 - Added "before" from "tracemalloc" to hooks
2024-05-15 00:10:19.684 | DEBUG    | dowser.profiler.metrics.memory_usage.builders:build_trace_hooks:35 - Checking if backend has "on_call" function
2024-05-15 00:10:19.684 | DEBUG    | dowser.profiler.metrics.memory_usage.builders:build_trace_hooks:43 - Added "on_call" from "tracemalloc" to hooks
2024-05-15 00:10:19.684 | DEBUG    | dowser.profiler.metrics.memory_usage.builders:build_trace_hooks:35 - Checking if backend has "on_return" function
2024-05-15 00:10:19.684 | DEBUG    | dowser.profiler.metrics.memory_usage.builders:build_trace_hooks:43 - Added "on_return" from "tracemalloc" to hooks
2024-05-15 00:10:19.685 | DEBUG    | dowser.profiler.metrics.memory_usage.builders:build_trace_hooks:35 - Checking if backend has "after" function
2024-05-15 00:10:19.685 | DEBUG    | dowser.profiler.metrics.memory_usage.builders:build_trace_hooks:43 - Added "after" from "tracemalloc" to hooks
2024-05-15 00:10:19.685 | DEBUG    | dowser.profiler.builders:build_executor_hooks:45 - Building executor hooks using strategy: instrumentation
2024-05-15 00:10:19.685 | INFO     | dowser.common.networking:start_socket:25 - Socket server is listening on /tmp/dowser.sock
2024-05-15 00:10:19.688 | INFO     | dowser.profiler.strategies.instrumentation.socket:consume_socket:16 - Consuming socket on /tmp/dowser.sock
2024-05-15 00:10:19.688 | DEBUG    | dowser.profiler.main:run_profiler:46 - Using config: output_dir=PosixPath('/home/delucca/src/msc/seismic-attributes-memory-profile/experiments/01-backend-comparisson/output/20240515_001000/tracemalloc') logger=LoggerConfig(enabled_transports=[<Transport.CONSOLE: 'CONSOLE'>, <Transport.FILE: 'FILE'>], level=<Level.DEBUG: 'DEBUG'>) profiler=ProfilerConfig(session_id='20240515_001000-tracemalloc', enabled_metrics=[<Metric.MEMORY_USAGE: 'MEMORY_USAGE'>, <Metric.TIME: 'TIME'>], memory_usage=MemoryUsageConfig(enabled_backends=[<MemoryUsageBackend.TRACEMALLOC: 'TRACEMALLOC'>]), filepath=PosixPath('/home/delucca/src/msc/seismic-attributes-memory-profile/experiments/01-backend-comparisson/experiment/tasks.py'), entrypoint='consume_large_memory', signature=[FunctionParameter(name='num_elements', type='int', position=0, default='None')], args=(10000000,), kwargs={}, instrumentation=InstrumentationConfig(depth=3, socket_path='/tmp/dowser.sock')) analyzer=AnalyzerConfig(sessions={}, unit=<MemoryUsageUnit.MB: 'mb'>)
2024-05-15 00:10:19.689 | DEBUG    | dowser.profiler.main:run_profiler:47 - Using metadata: {'entrypoint_num_elements': '10000000', 'kernel_memory_usage_unit': 'kb', 'psutil_memory_usage_unit': 'b', 'resource_memory_usage_unit': 'kb', 'tracemalloc_memory_usage_unit': 'b', 'unix_timestamp_unit': 'ms'}
2024-05-15 00:10:19.689 | DEBUG    | dowser.profiler.main:run_profiler:48 - Enabled trace hooks: dict_keys(['before', 'on_call', 'on_return', 'after'])
2024-05-15 00:10:19.689 | DEBUG    | dowser.profiler.main:run_profiler:49 - Enabled metrics: [<Metric.MEMORY_USAGE: 'MEMORY_USAGE'>, <Metric.TIME: 'TIME'>]
2024-05-15 00:10:19.689 | DEBUG    | dowser.profiler.main:run_profiler:50 - Using args: (10000000,)
2024-05-15 00:10:19.689 | DEBUG    | dowser.profiler.main:run_profiler:51 - Using kwargs: {}
2024-05-15 00:10:19.689 | INFO     | dowser.profiler.main:run_profiler:53 - Starting profiler execution for "/home/delucca/src/msc/seismic-attributes-memory-profile/experiments/01-backend-comparisson/experiment/tasks.py"
2024-05-15 00:10:19.692 | INFO     | dowser.profiler.handlers:execute_file:19 - Starting new profiler session for file "/home/delucca/src/msc/seismic-attributes-memory-profile/experiments/01-backend-comparisson/experiment/tasks.py" with entrypoint set to: "consume_large_memory"
2024-05-15 00:10:19.692 | DEBUG    | dowser.profiler.handlers:execute_file:22 - Using args: (10000000,)
2024-05-15 00:10:19.692 | DEBUG    | dowser.profiler.handlers:execute_file:23 - Using kwargs: {}
2024-05-15 00:10:19.693 | INFO     | dowser.profiler.handlers:execute_file:38 - Executing file: /home/delucca/src/msc/seismic-attributes-memory-profile/experiments/01-backend-comparisson/experiment/tasks.py
2024-05-15 00:10:19.693 | DEBUG    | dowser.profiler.handlers:execute_file:40 - Using function "consume_large_memory" as entrypoint
2024-05-15 00:10:19.693 | INFO     | dowser.profiler.handlers:execute_file:42 - Compiling code
2024-05-15 00:10:19.693 | INFO     | dowser.profiler.handlers:execute_file:45 - Running before hooks and executing code
2024-05-15 00:10:19.693 | INFO     | dowser.profiler.strategies.instrumentation.hooks:before:14 - Running instrumentation before hooks
2024-05-15 00:10:19.694 | INFO     | dowser.profiler.strategies.instrumentation.tracers:start_tracer:18 - Starting profile tracer
2024-05-15 00:10:39.099 | INFO     | __main__.sub:consume_large_memory:9 - Consumed 10000000 elements
2024-05-15 00:10:39.733 | INFO     | dowser.profiler.strategies.instrumentation.hooks:after:19 - Running instrumentation after hooks
2024-05-15 00:10:39.734 | INFO     | dowser.profiler.strategies.instrumentation.tracers:stop_tracer:30 - Profile tracer stopped
2024-05-15 00:10:39.734 | DEBUG    | dowser.profiler.strategies.instrumentation.socket:consume_socket:20 - Got a new socket connection
2024-05-15 00:10:39.735 | INFO     | dowser.profiler.handlers:execute_file:54 - File "/home/delucca/src/msc/seismic-attributes-memory-profile/experiments/01-backend-comparisson/experiment/tasks.py" finished execution
2024-05-15 00:10:39.747 | INFO     | dowser.profiler.main:run_profiler:57 - Profiler execution finished
