2024-05-04 01:51:15.337 | INFO     | __main__:run_experiment:10 - Starting experiment with Session ID: 20240504_015056-tracemalloc
2024-05-04 01:51:15.337 | DEBUG    | __main__:run_experiment:13 - Experiment config: output_dir=PosixPath('/home/delucca/src/msc/seismic-attributes-memory-profile/experiments/01-backend-comparisson/output/20240504_015056/tracemalloc') logger=LoggerConfig(enabled_transports=[<Transport.CONSOLE: 'CONSOLE'>, <Transport.FILE: 'FILE'>], level=<Level.DEBUG: 'DEBUG'>) profiler=ProfilerConfig(session_id='20240504_015056-tracemalloc', enabled_metrics=[<Metric.MEMORY_USAGE: 'MEMORY_USAGE'>, <Metric.TIME: 'TIME'>], memory_usage=MemoryUsageConfig(enabled_backends=[<MemoryUsageBackend.TRACEMALLOC: 'TRACEMALLOC'>]), filepath=None, entrypoint=None, signature=None, args=(), kwargs={}) analyzer=AnalyzerConfig(sessions={}, unit=<MemoryUsageUnit.MB: 'mb'>)
2024-05-04 01:51:15.338 | INFO     | dowser.profiler.main:run_profiler:14 - Starting profiler execution
2024-05-04 01:51:15.338 | DEBUG    | dowser.profiler.main:run_profiler:15 - Using config: output_dir=PosixPath('/home/delucca/src/msc/seismic-attributes-memory-profile/experiments/01-backend-comparisson/output/20240504_015056/tracemalloc') logger=LoggerConfig(enabled_transports=[<Transport.CONSOLE: 'CONSOLE'>, <Transport.FILE: 'FILE'>], level=<Level.DEBUG: 'DEBUG'>) profiler=ProfilerConfig(session_id='20240504_015056-tracemalloc', enabled_metrics=[<Metric.MEMORY_USAGE: 'MEMORY_USAGE'>, <Metric.TIME: 'TIME'>], memory_usage=MemoryUsageConfig(enabled_backends=[<MemoryUsageBackend.TRACEMALLOC: 'TRACEMALLOC'>]), filepath=PosixPath('/home/delucca/src/msc/seismic-attributes-memory-profile/experiments/01-backend-comparisson/experiment/tasks.py'), entrypoint='consume_large_memory', signature=[FunctionParameter(name='num_elements', type='int', position=0, default='None')], args=(10000000,), kwargs={}) analyzer=AnalyzerConfig(sessions={}, unit=<MemoryUsageUnit.MB: 'mb'>)
2024-05-04 01:51:15.338 | DEBUG    | dowser.profiler.main:run_profiler:22 - Using metadata: {'num_elements': '10000000'}
2024-05-04 01:51:15.339 | INFO     | dowser.profiler.memory_usage.builders:build_trace_hooks:12 - Enabled memory usage backends: "[<MemoryUsageBackend.TRACEMALLOC: 'TRACEMALLOC'>]"
2024-05-04 01:51:15.339 | DEBUG    | dowser.profiler.memory_usage.builders:build_trace_hooks:24 - Loading backend: "tracemalloc"
2024-05-04 01:51:15.340 | DEBUG    | dowser.profiler.memory_usage.builders:build_trace_hooks:32 - Loaded backend: "<module 'dowser.profiler.memory_usage.backends.tracemalloc' from '/home/delucca/src/msc/seismic-attributes-memory-profile/experiments/01-backend-comparisson/experiment/dowser/profiler/memory_usage/backends/tracemalloc.py'>"
2024-05-04 01:51:15.340 | DEBUG    | dowser.profiler.memory_usage.builders:build_trace_hooks:35 - Checking if backend has "before" function
2024-05-04 01:51:15.340 | DEBUG    | dowser.profiler.memory_usage.builders:build_trace_hooks:43 - Added "before" from "tracemalloc" to hooks
2024-05-04 01:51:15.340 | DEBUG    | dowser.profiler.memory_usage.builders:build_trace_hooks:35 - Checking if backend has "on_call" function
2024-05-04 01:51:15.341 | DEBUG    | dowser.profiler.memory_usage.builders:build_trace_hooks:43 - Added "on_call" from "tracemalloc" to hooks
2024-05-04 01:51:15.341 | DEBUG    | dowser.profiler.memory_usage.builders:build_trace_hooks:35 - Checking if backend has "on_return" function
2024-05-04 01:51:15.341 | DEBUG    | dowser.profiler.memory_usage.builders:build_trace_hooks:43 - Added "on_return" from "tracemalloc" to hooks
2024-05-04 01:51:15.341 | DEBUG    | dowser.profiler.memory_usage.builders:build_trace_hooks:35 - Checking if backend has "after" function
2024-05-04 01:51:15.341 | DEBUG    | dowser.profiler.memory_usage.builders:build_trace_hooks:43 - Added "after" from "tracemalloc" to hooks
2024-05-04 01:51:15.342 | INFO     | dowser.profiler.tracers:build_start_tracer:14 - Building profile tracer
2024-05-04 01:51:15.342 | INFO     | dowser.profiler.tracers:build_stop_tracer:57 - Building stop profile tracer
2024-05-04 01:51:15.342 | INFO     | dowser.profiler.main:run_profiler:32 - Starting profiler execution for "/home/delucca/src/msc/seismic-attributes-memory-profile/experiments/01-backend-comparisson/experiment/tasks.py"
2024-05-04 01:51:15.342 | DEBUG    | dowser.profiler.main:run_profiler:33 - Enabled hooks: dict_keys(['before', 'on_call', 'on_return', 'after'])
2024-05-04 01:51:15.342 | DEBUG    | dowser.profiler.main:run_profiler:34 - Enabled metrics: [<Metric.MEMORY_USAGE: 'MEMORY_USAGE'>, <Metric.TIME: 'TIME'>]
2024-05-04 01:51:15.342 | DEBUG    | dowser.profiler.main:run_profiler:35 - Using args: (10000000,)
2024-05-04 01:51:15.343 | DEBUG    | dowser.profiler.main:run_profiler:36 - Using kwargs: {}
2024-05-04 01:51:15.343 | INFO     | dowser.profiler.handlers:execute_file:19 - Starting new profiler session for file "/home/delucca/src/msc/seismic-attributes-memory-profile/experiments/01-backend-comparisson/experiment/tasks.py" with entrypoint set to: "consume_large_memory"
2024-05-04 01:51:15.343 | DEBUG    | dowser.profiler.handlers:execute_file:22 - Using args: (10000000,)
2024-05-04 01:51:15.343 | DEBUG    | dowser.profiler.handlers:execute_file:23 - Using kwargs: {}
2024-05-04 01:51:15.343 | INFO     | dowser.profiler.tracers:start_tracer:19 - Starting profile tracer
2024-05-04 01:51:15.344 | INFO     | dowser.profiler.tracers:start_tracer:21 - Running before hooks
2024-05-04 01:51:43.430 | INFO     | __main__.sub:consume_large_memory:9 - Consumed 10000000 elements
2024-05-04 01:51:44.234 | INFO     | dowser.profiler.tracers:stop_tracer:62 - Stopping profile tracer
2024-05-04 01:51:44.235 | INFO     | dowser.profiler.tracers:stop_tracer:64 - Running after hooks
2024-05-04 01:51:44.235 | INFO     | dowser.profiler.handlers:execute_file:47 - File "/home/delucca/src/msc/seismic-attributes-memory-profile/experiments/01-backend-comparisson/experiment/tasks.py" finished execution
2024-05-04 01:51:44.236 | INFO     | dowser.profiler.main:run_profiler:50 - Profiler execution finished
2024-05-04 01:51:44.236 | INFO     | dowser.profiler.main:run_profiler:51 - Amount of collected traces: 128
2024-05-04 01:51:44.236 | DEBUG    | dowser.profiler.main:run_profiler:52 - Sample trace: (1714798303.499334, '/home/delucca/.pyenv/versions/3.8.10/lib/python3.8/calendar.py:77', '__getitem__', 'return', [('MEMORY_USAGE', 321557735.0, 'b'), ('TIME',)])
2024-05-04 01:51:44.236 | INFO     | dowser.profiler.builders:build_profile:50 - Building output profile file
2024-05-04 01:51:44.237 | DEBUG    | dowser.profiler.builders:build_profile:54 - Using schema: timestamp: string
source: string
function_name: string
event_type: string
additional_data: list<item: list<item: string>>
  child 0, item: list<item: string>
      child 0, item: string
2024-05-04 01:51:44.237 | DEBUG    | dowser.profiler.builders:build_profile:63 - Using data: 128 records
2024-05-04 01:51:44.240 | INFO     | dowser.profiler.builders:build_profile:87 - Profile file saved at: /home/delucca/src/msc/seismic-attributes-memory-profile/experiments/01-backend-comparisson/output/20240504_015056/tracemalloc/20240504_015056-tracemalloc.parquet
