2024-05-28 17:55:06.010 | INFO     | __main__:run_experiment:10 - Starting experiment with Session ID: 20240528_175243-resource
2024-05-28 17:55:06.011 | INFO     | __main__:run_experiment:21 - Input data file: /home/delucca/src/msc/seismic-attributes-memory-profile/experiments/001-backend-comparisson/output/20240528_175243/data/100-600-1000.segy
2024-05-28 17:55:06.011 | INFO     | dowser.profiler.main:run_profiler:15 - Starting profiler
2024-05-28 17:55:06.012 | INFO     | dowser.profiler.metrics.memory_usage.builders:build_trace_hooks:12 - Enabled memory usage backends: "[<MemoryUsageBackend.RESOURCE: 'RESOURCE'>]"
2024-05-28 17:55:06.012 | WARNING  | dowser.profiler.metrics.memory_usage.builders:build_trace_hooks:37 - Backend "resource" does not have "before" function
2024-05-28 17:55:06.013 | WARNING  | dowser.profiler.metrics.memory_usage.builders:build_trace_hooks:37 - Backend "resource" does not have "after" function
2024-05-28 17:55:06.029 | INFO     | dowser.profiler.main:run_profiler:46 - Starting profiler execution for "/home/delucca/src/msc/seismic-attributes-memory-profile/experiments/001-backend-comparisson/experiment/seismic/attributes/gst_3d_dip.py"
2024-05-28 17:55:06.033 | INFO     | dowser.profiler.handlers:execute_file:19 - Starting new profiler session for file "/home/delucca/src/msc/seismic-attributes-memory-profile/experiments/001-backend-comparisson/experiment/seismic/attributes/gst_3d_dip.py" with entrypoint set to: "run"
2024-05-28 17:55:06.034 | INFO     | dowser.profiler.handlers:execute_file:38 - Executing file: /home/delucca/src/msc/seismic-attributes-memory-profile/experiments/001-backend-comparisson/experiment/seismic/attributes/gst_3d_dip.py
2024-05-28 17:55:06.034 | INFO     | dowser.profiler.handlers:execute_file:42 - Compiling code
2024-05-28 17:55:06.035 | INFO     | dowser.profiler.handlers:execute_file:45 - Running execution before hook
2024-05-28 17:55:06.035 | INFO     | dowser.profiler.tracer:start_sampler:151 - Starting profile sampler
2024-05-28 17:55:06.035 | INFO     | dowser.profiler.tracer:start_sampler:152 - Using precision of 0.01s and thread strategy
2024-05-28 17:55:06.036 | INFO     | dowser.profiler.handlers:execute_file:48 - Executing code file
2024-05-28 17:55:06.036 | INFO     | dowser.profiler.handlers:execute_file:52 - Running function: run
2024-05-28 17:55:43.492 | INFO     | dowser.profiler.handlers:execute_file:55 - Running execution after hook
2024-05-28 17:55:43.504 | INFO     | dowser.profiler.tracer:stop_sampler:169 - Profile sampler stopped
2024-05-28 17:55:43.505 | INFO     | dowser.profiler.handlers:execute_file:59 - File "/home/delucca/src/msc/seismic-attributes-memory-profile/experiments/001-backend-comparisson/experiment/seismic/attributes/gst_3d_dip.py" finished execution
2024-05-28 17:55:43.537 | INFO     | dowser.profiler.main:run_profiler:50 - Profiler execution finished
2024-05-28 17:55:43.539 | INFO     | dowser.profiler.main:run_profiler:52 - Saving profile data
2024-05-28 17:55:44.004 | INFO     | dowser.profiler.main:run_profiler:66 - Profiler output saved to: /home/delucca/src/msc/seismic-attributes-memory-profile/experiments/001-backend-comparisson/output/20240528_175243/resource
