2024-04-26 20:12:49,374 - dowser.logger.main.get_logger - INFO - Starting experiment with Session ID: 20240426_201241
2024-04-26 20:12:49,374 - dowser.logger.main.get_logger - DEBUG - Experiment config: {'session': {'id': '20240426_201241', 'output_dir': '/home/experiments/01-backend-comparisson/output/20240426_201241/tracemalloc'}, 'logger': {'level': 'DEBUG'}, 'profiler': {'metrics': {'memory_usage': {'enabled_backends': 'tracemalloc', 'precision': 3}}}}
2024-04-26 20:12:49,375 - dowser.logger.main.get_logger - INFO - Setting up profilers for function "consume_large_memory"
2024-04-26 20:12:49,376 - dowser.logger.main.get_logger - INFO - Profiling function "consume_large_memory"
2024-04-26 20:12:49,377 - dowser.logger.main.get_logger - DEBUG - Enabled profilers: ['memory_usage', 'time']
2024-04-26 20:12:49,379 - dowser.logger.main.get_logger - INFO - Setting up time profiler for function "consume_large_memory"
2024-04-26 20:12:49,380 - dowser.logger.main.get_logger - INFO - Setting up memory usage profiler for function "consume_large_memory"
2024-04-26 20:12:49,380 - dowser.logger.main.get_logger - DEBUG - Enabled memory usage backends: ['tracemalloc']
2024-04-26 20:12:49,383 - dowser.logger.main.get_logger - INFO - Setting up tracemalloc memory usage profiler for function "consume_large_memory"
2024-04-26 20:12:49,384 - dowser.logger.main.get_logger - DEBUG - Profiling memory usage of PID 35 with precision of 0.001s
2024-04-26 20:12:49,387 - dowser.logger.main.get_logger - DEBUG - Setting up threading parallelized profiler for function to_memory_usage_record_of_get_traced_memory
2024-04-26 20:12:49,529 - dowser.logger.main.get_logger - INFO - Hooking sync event to function consume_large_memory
2024-04-26 20:12:58,332 - dowser.logger.main.get_logger - INFO - Consumed 10000000 elements
2024-04-26 20:12:58,424 - dowser.logger.main.get_logger - DEBUG - Amount of collected profile records: 3
2024-04-26 20:12:58,425 - dowser.logger.main.get_logger - DEBUG - Sample record: ('START', 1714162369.5313468)
2024-04-26 20:12:58,425 - dowser.logger.main.get_logger - DEBUG - Total execution time: 8.893524408340454s
2024-04-26 20:12:58,426 - dowser.logger.main.get_logger - DEBUG - Adding time log entries to report
2024-04-26 20:13:00,011 - dowser.logger.main.get_logger - DEBUG - Amount of collected profile records: 1257
2024-04-26 20:13:00,011 - dowser.logger.main.get_logger - DEBUG - Sample record: (1714162369.5184038, 310963.0)
2024-04-26 20:13:00,012 - dowser.logger.main.get_logger - DEBUG - Adding memory_usage log entries to report
2024-04-26 20:13:00,012 - dowser.logger.main.get_logger - INFO - Saving profiler report
