2024-04-26 20:12:44,301 - dowser.logger.main.get_logger - INFO - Starting experiment with Session ID: 20240426_201241
2024-04-26 20:12:44,302 - dowser.logger.main.get_logger - DEBUG - Experiment config: {'session': {'id': '20240426_201241', 'output_dir': '/home/experiments/01-backend-comparisson/output/20240426_201241/resource'}, 'logger': {'level': 'DEBUG'}, 'profiler': {'metrics': {'memory_usage': {'enabled_backends': 'resource', 'precision': 3}}}}
2024-04-26 20:12:44,302 - dowser.logger.main.get_logger - INFO - Setting up profilers for function "consume_large_memory"
2024-04-26 20:12:44,303 - dowser.logger.main.get_logger - INFO - Profiling function "consume_large_memory"
2024-04-26 20:12:44,304 - dowser.logger.main.get_logger - DEBUG - Enabled profilers: ['memory_usage', 'time']
2024-04-26 20:12:44,305 - dowser.logger.main.get_logger - INFO - Setting up time profiler for function "consume_large_memory"
2024-04-26 20:12:44,306 - dowser.logger.main.get_logger - INFO - Setting up memory usage profiler for function "consume_large_memory"
2024-04-26 20:12:44,306 - dowser.logger.main.get_logger - DEBUG - Enabled memory usage backends: ['resource']
2024-04-26 20:12:44,307 - dowser.logger.main.get_logger - INFO - Setting up resource memory usage profiler for function "consume_large_memory"
2024-04-26 20:12:44,307 - dowser.logger.main.get_logger - DEBUG - Profiling memory usage of PID 30 with precision of 0.001s
2024-04-26 20:12:44,308 - dowser.logger.main.get_logger - DEBUG - Setting up threading parallelized profiler for function to_memory_usage_record_of_get_resource_usage
2024-04-26 20:12:44,335 - dowser.logger.main.get_logger - INFO - Hooking sync event to function consume_large_memory
2024-04-26 20:12:46,206 - dowser.logger.main.get_logger - INFO - Consumed 10000000 elements
2024-04-26 20:12:46,328 - dowser.logger.main.get_logger - DEBUG - Amount of collected profile records: 3
2024-04-26 20:12:46,328 - dowser.logger.main.get_logger - DEBUG - Sample record: ('START', 1714162364.3355103)
2024-04-26 20:12:46,329 - dowser.logger.main.get_logger - DEBUG - Total execution time: 1.9924991130828857s
2024-04-26 20:12:46,329 - dowser.logger.main.get_logger - DEBUG - Adding time log entries to report
2024-04-26 20:12:46,333 - dowser.logger.main.get_logger - DEBUG - Amount of collected profile records: 283
2024-04-26 20:12:46,333 - dowser.logger.main.get_logger - DEBUG - Sample record: (1714162364.3336627, 21584.0)
2024-04-26 20:12:46,334 - dowser.logger.main.get_logger - DEBUG - Adding memory_usage log entries to report
2024-04-26 20:12:46,334 - dowser.logger.main.get_logger - INFO - Saving profiler report
